Using pre-set license
Built from '2022.3/staging' branch; Version is '2022.3.46f1 (8e9b8558c41a) revision 9345925'; Using compiler version '192829333'; Build Type 'Release'
OS: 'Windows 11  (10.0.22631) 64bit Professional' Language: 'es' Physical Memory: 15713 MB
BatchMode: 1, IsHumanControllingUs: 0, StartBugReporterOnCrash: 0, Is64bit: 1, IsPro: 1

COMMAND LINE ARGUMENTS:
C:\Program Files\Unity\Hub\Editor\2022.3.46f1\Editor\Unity.exe
-adb2
-batchMode
-noUpm
-name
AssetImportWorker1
-projectPath
C:/Users/Jordi/Desktop/wizards-game/TFG_Wizards
-logFile
Logs/AssetImportWorker1.log
-srvPort
63602
Successfully changed project path to: C:/Users/Jordi/Desktop/wizards-game/TFG_Wizards
C:/Users/Jordi/Desktop/wizards-game/TFG_Wizards
[UnityMemory] Configuration Parameters - Can be set up in boot.config
    "memorysetup-bucket-allocator-granularity=16"
    "memorysetup-bucket-allocator-bucket-count=8"
    "memorysetup-bucket-allocator-block-size=33554432"
    "memorysetup-bucket-allocator-block-count=8"
    "memorysetup-main-allocator-block-size=16777216"
    "memorysetup-thread-allocator-block-size=16777216"
    "memorysetup-gfx-main-allocator-block-size=16777216"
    "memorysetup-gfx-thread-allocator-block-size=16777216"
    "memorysetup-cache-allocator-block-size=4194304"
    "memorysetup-typetree-allocator-block-size=2097152"
    "memorysetup-profiler-bucket-allocator-granularity=16"
    "memorysetup-profiler-bucket-allocator-bucket-count=8"
    "memorysetup-profiler-bucket-allocator-block-size=33554432"
    "memorysetup-profiler-bucket-allocator-block-count=8"
    "memorysetup-profiler-allocator-block-size=16777216"
    "memorysetup-profiler-editor-allocator-block-size=1048576"
    "memorysetup-temp-allocator-size-main=16777216"
    "memorysetup-job-temp-allocator-block-size=2097152"
    "memorysetup-job-temp-allocator-block-size-background=1048576"
    "memorysetup-job-temp-allocator-reduction-small-platforms=262144"
    "memorysetup-allocator-temp-initial-block-size-main=262144"
    "memorysetup-allocator-temp-initial-block-size-worker=262144"
    "memorysetup-temp-allocator-size-background-worker=32768"
    "memorysetup-temp-allocator-size-job-worker=262144"
    "memorysetup-temp-allocator-size-preload-manager=33554432"
    "memorysetup-temp-allocator-size-nav-mesh-worker=65536"
    "memorysetup-temp-allocator-size-audio-worker=65536"
    "memorysetup-temp-allocator-size-cloud-worker=32768"
    "memorysetup-temp-allocator-size-gi-baking-worker=262144"
    "memorysetup-temp-allocator-size-gfx=262144"
Player connection [1772]  Target information:

Player connection [1772]  * "[IP] 172.23.0.1 [Port] 0 [Flags] 2 [Guid] 2549005102 [EditorId] 2549005102 [Version] 1048832 [Id] WindowsEditor(7,HP-Jordi-Permanyer) [Debug] 1 [PackageName] WindowsEditor [ProjectName] Editor" 

Player connection [1772]  * "[IP] 172.29.128.1 [Port] 0 [Flags] 2 [Guid] 2549005102 [EditorId] 2549005102 [Version] 1048832 [Id] WindowsEditor(7,HP-Jordi-Permanyer) [Debug] 1 [PackageName] WindowsEditor [ProjectName] Editor" 

Player connection [1772]  * "[IP] 172.22.208.1 [Port] 0 [Flags] 2 [Guid] 2549005102 [EditorId] 2549005102 [Version] 1048832 [Id] WindowsEditor(7,HP-Jordi-Permanyer) [Debug] 1 [PackageName] WindowsEditor [ProjectName] Editor" 

Player connection [1772]  * "[IP] 192.168.1.44 [Port] 0 [Flags] 2 [Guid] 2549005102 [EditorId] 2549005102 [Version] 1048832 [Id] WindowsEditor(7,HP-Jordi-Permanyer) [Debug] 1 [PackageName] WindowsEditor [ProjectName] Editor" 

Player connection [1772] Host joined multi-casting on [225.0.0.222:54997]...
Player connection [1772] Host joined alternative multi-casting on [225.0.0.222:34997]...
[PhysX] Initialized MultithreadedTaskDispatcher with 16 workers.
Refreshing native plugins compatible for Editor in 18.56 ms, found 4 plugins.
Preloading 0 native plugins for Editor in 0.00 ms.
Initialize engine version: 2022.3.46f1 (8e9b8558c41a)
[Subsystems] Discovering subsystems at path C:/Program Files/Unity/Hub/Editor/2022.3.46f1/Editor/Data/Resources/UnitySubsystems
[Subsystems] Discovering subsystems at path C:/Users/Jordi/Desktop/wizards-game/TFG_Wizards/Assets
GfxDevice: creating device client; threaded=0; jobified=0
Direct3D:
    Version:  Direct3D 11.0 [level 11.1]
    Renderer: NVIDIA GeForce GTX 1650 (ID=0x1f99)
    Vendor:   NVIDIA
    VRAM:     3937 MB
    Driver:   32.0.15.5613
Initialize mono
Mono path[0] = 'C:/Program Files/Unity/Hub/Editor/2022.3.46f1/Editor/Data/Managed'
Mono path[1] = 'C:/Program Files/Unity/Hub/Editor/2022.3.46f1/Editor/Data/MonoBleedingEdge/lib/mono/unityjit-win32'
Mono config path = 'C:/Program Files/Unity/Hub/Editor/2022.3.46f1/Editor/Data/MonoBleedingEdge/etc'
Using monoOptions --debugger-agent=transport=dt_socket,embedding=1,server=y,suspend=n,address=127.0.0.1:56236
Begin MonoManager ReloadAssembly
Registering precompiled unity dll's ...
Register platform support module: C:/Program Files/Unity/Hub/Editor/2022.3.46f1/Editor/Data/PlaybackEngines/AndroidPlayer/UnityEditor.Android.Extensions.dll
Register platform support module: C:/Program Files/Unity/Hub/Editor/2022.3.46f1/Editor/Data/PlaybackEngines/WindowsStandaloneSupport/UnityEditor.WindowsStandalone.Extensions.dll
Register platform support module: C:/Program Files/Unity/Hub/Editor/2022.3.46f1/Editor/Data/PlaybackEngines/MetroSupport/UnityEditor.UWP.Extensions.dll
Registered in 0.011937 seconds.
- Loaded All Assemblies, in  0.396 seconds
Native extension for UWP target not found
Native extension for WindowsStandalone target not found
Native extension for Android target not found
Android Extension - Scanning For ADB Devices 313 ms
Mono: successfully reloaded assembly
- Finished resetting the current domain, in  0.664 seconds
Domain Reload Profiling: 1058ms
	BeginReloadAssembly (118ms)
		ExecutionOrderSort (0ms)
		DisableScriptedObjects (0ms)
		BackupInstance (0ms)
		ReleaseScriptingObjects (0ms)
		CreateAndSetChildDomain (1ms)
	RebuildCommonClasses (37ms)
	RebuildNativeTypeToScriptingClass (10ms)
	initialDomainReloadingComplete (69ms)
	LoadAllAssembliesAndSetupDomain (160ms)
		LoadAssemblies (116ms)
		RebuildTransferFunctionScriptingTraits (0ms)
		AnalyzeDomain (157ms)
			TypeCache.Refresh (155ms)
				TypeCache.ScanAssembly (141ms)
			ScanForSourceGeneratedMonoScriptInfo (0ms)
			ResolveRequiredComponents (1ms)
	FinalizeReload (664ms)
		ReleaseScriptCaches (0ms)
		RebuildScriptCaches (0ms)
		SetupLoadedEditorAssemblies (613ms)
			LogAssemblyErrors (0ms)
			InitializePlatformSupportModulesInManaged (422ms)
			SetLoadedEditorAssemblies (5ms)
			RefreshPlugins (0ms)
			BeforeProcessingInitializeOnLoad (2ms)
			ProcessInitializeOnLoadAttributes (133ms)
			ProcessInitializeOnLoadMethodAttributes (51ms)
			AfterProcessingInitializeOnLoad (0ms)
			EditorAssembliesLoaded (0ms)
		ExecutionOrderSort2 (0ms)
		AwakeInstancesAfterBackupRestoration (0ms)
========================================================================
Worker process is ready to serve import requests
Caller must complete domain reload
Begin MonoManager ReloadAssembly
- Loaded All Assemblies, in  1.131 seconds
Native extension for UWP target not found
Native extension for WindowsStandalone target not found
Native extension for Android target not found
Package Manager log level set to [2]
[Package Manager] Server::EnsureServerProcessIsRunning -- launch failed, reason: Unity was launched with the -noUpm command-line argument
[Package Manager] UpmClient::Send -- Unable to send message (not connected to UPM process).
[Package Manager] Cannot connect to Unity Package Manager local server
Mono: successfully reloaded assembly
- Finished resetting the current domain, in  1.045 seconds
Domain Reload Profiling: 2171ms
	BeginReloadAssembly (236ms)
		ExecutionOrderSort (0ms)
		DisableScriptedObjects (7ms)
		BackupInstance (0ms)
		ReleaseScriptingObjects (0ms)
		CreateAndSetChildDomain (44ms)
	RebuildCommonClasses (37ms)
	RebuildNativeTypeToScriptingClass (12ms)
	initialDomainReloadingComplete (56ms)
	LoadAllAssembliesAndSetupDomain (784ms)
		LoadAssemblies (608ms)
		RebuildTransferFunctionScriptingTraits (0ms)
		AnalyzeDomain (309ms)
			TypeCache.Refresh (280ms)
				TypeCache.ScanAssembly (256ms)
			ScanForSourceGeneratedMonoScriptInfo (22ms)
			ResolveRequiredComponents (6ms)
	FinalizeReload (1046ms)
		ReleaseScriptCaches (0ms)
		RebuildScriptCaches (0ms)
		SetupLoadedEditorAssemblies (853ms)
			LogAssemblyErrors (0ms)
			InitializePlatformSupportModulesInManaged (20ms)
			SetLoadedEditorAssemblies (5ms)
			RefreshPlugins (0ms)
			BeforeProcessingInitializeOnLoad (82ms)
			ProcessInitializeOnLoadAttributes (688ms)
			ProcessInitializeOnLoadMethodAttributes (45ms)
			AfterProcessingInitializeOnLoad (12ms)
			EditorAssembliesLoaded (0ms)
		ExecutionOrderSort2 (0ms)
		AwakeInstancesAfterBackupRestoration (9ms)
Launched and connected shader compiler UnityShaderCompiler.exe after 0.09 seconds
Refreshing native plugins compatible for Editor in 13.21 ms, found 4 plugins.
Preloading 0 native plugins for Editor in 0.00 ms.
Unloading 4121 Unused Serialized files (Serialized files now loaded: 0)
Unloading 32 unused Assets / (57.1 KB). Loaded Objects now: 4594.
Memory consumption went from 146.9 MB to 146.8 MB.
Total: 5.924000 ms (FindLiveObjects: 0.440000 ms CreateObjectMapping: 0.603100 ms MarkObjects: 4.733500 ms  DeleteObjects: 0.145900 ms)

AssetImportParameters requested are different than current active one (requested -> active):
  custom:container-demuxer-ogg: 62fdf1f143b41e24485cea50d1cbac27 -> 
  custom:video-decoder-ogg-theora: a1e56fd34408186e4bbccfd4996cb3dc -> 
  custom:framework-win-MediaFoundation: 216162199b28c13a410421893ffa2e32 -> 
  custom:CustomObjectIndexerAttribute: 9a22284fe3817be447336de3de66b15e -> 
  custom:container-demuxer-webm: 4f35f7cbe854078d1ac9338744f61a02 -> 
  custom:container-muxer-webm: aa71ff27fc2769a1b78a27578f13a17b -> 
  custom:video-decoder-webm-vp8: 9c59270c3fd7afecdb556c50c9e8de78 -> 
  custom:SearchIndexIgnoredProperties: e643bd26f0fe6173181afceb89e7c659 -> 
  custom:AudioImporter_EditorPlatform: d09bf68614088b80899f8185d706f6e7 -> 
  custom:video-encoder-webm-vp8: eb34c28f22e8b96e1ab97ce403110664 -> 
  custom:audio-decoder-ogg-vorbis: bf7c407c2cedff20999df2af8eb42d56 -> 
  custom:audio-encoder-webm-vorbis: bf7c407c2cedff20999df2af8eb42d56 -> 
========================================================================
Received Import Request.
  Time since last request: 65445.195475 seconds.
  path: Assets/Resources/zJordi/Rooms OK/Lvl 1/Normal/Room_Coins_Right_Left_Up.prefab
  artifactKey: Guid(77ac65160f0f88e4286bf2af76f6fb44) Importer(815301076,1909f56bfc062723c751e8b465ee728b)
Start importing Assets/Resources/zJordi/Rooms OK/Lvl 1/Normal/Room_Coins_Right_Left_Up.prefab using Guid(77ac65160f0f88e4286bf2af76f6fb44) Importer(815301076,1909f56bfc062723c751e8b465ee728b) [PhysX] Initialized MultithreadedTaskDispatcher with 16 workers.
[PhysX] Initialized MultithreadedTaskDispatcher with 16 workers.
 -> (artifact id: '9f100013a6b7d3e58216cccda9bf192d') in 0.126345 seconds
Number of updated asset objects reloaded before import = 0
Number of asset objects unloaded after import = 87
========================================================================
Received Import Request.
  Time since last request: 0.000060 seconds.
  path: Assets/Resources/zJordi/Rooms OK/Lvl 1/Normal/Room_Coins_Up.prefab
  artifactKey: Guid(821f105be6ec67c41afc2f0a8a6d5d72) Importer(815301076,1909f56bfc062723c751e8b465ee728b)
Start importing Assets/Resources/zJordi/Rooms OK/Lvl 1/Normal/Room_Coins_Up.prefab using Guid(821f105be6ec67c41afc2f0a8a6d5d72) Importer(815301076,1909f56bfc062723c751e8b465ee728b) [PhysX] Initialized MultithreadedTaskDispatcher with 16 workers.
[PhysX] Initialized MultithreadedTaskDispatcher with 16 workers.
 -> (artifact id: '6b9472c15bdaba3683eb922b42b48a1b') in 0.025755 seconds
Number of updated asset objects reloaded before import = 0
Number of asset objects unloaded after import = 87
========================================================================
Received Import Request.
  Time since last request: 7.716559 seconds.
  path: Assets/Resources/zJordi/Rooms OK/Lvl 1/Object/Room_Coins_Right_Left_Up.prefab
  artifactKey: Guid(531f9129db6ac2d41addb43d7cc3beba) Importer(815301076,1909f56bfc062723c751e8b465ee728b)
Start importing Assets/Resources/zJordi/Rooms OK/Lvl 1/Object/Room_Coins_Right_Left_Up.prefab using Guid(531f9129db6ac2d41addb43d7cc3beba) Importer(815301076,1909f56bfc062723c751e8b465ee728b) [PhysX] Initialized MultithreadedTaskDispatcher with 16 workers.
[PhysX] Initialized MultithreadedTaskDispatcher with 16 workers.
 -> (artifact id: '6611a70775936518da51d32c7d5bec1c') in 0.013670 seconds
Number of updated asset objects reloaded before import = 0
Number of asset objects unloaded after import = 87
========================================================================
Received Import Request.
  Time since last request: 0.000022 seconds.
  path: Assets/Resources/zJordi/Rooms OK/Lvl 1/Object/Room_Coins_Right_Up_Down.prefab
  artifactKey: Guid(8e830975f99d5774d95584f419a309e2) Importer(815301076,1909f56bfc062723c751e8b465ee728b)
Start importing Assets/Resources/zJordi/Rooms OK/Lvl 1/Object/Room_Coins_Right_Up_Down.prefab using Guid(8e830975f99d5774d95584f419a309e2) Importer(815301076,1909f56bfc062723c751e8b465ee728b) [PhysX] Initialized MultithreadedTaskDispatcher with 16 workers.
[PhysX] Initialized MultithreadedTaskDispatcher with 16 workers.
 -> (artifact id: 'bcad668e05c94194ebdf283071e4f89d') in 0.017385 seconds
Number of updated asset objects reloaded before import = 0
Number of asset objects unloaded after import = 87
========================================================================
Received Import Request.
  Time since last request: 1.137792 seconds.
  path: Assets/Resources/zJordi/Rooms OK/Lvl 1/Object/Room_Coins_Right.prefab
  artifactKey: Guid(b154c6c35d87e994898b9eddc336e16a) Importer(815301076,1909f56bfc062723c751e8b465ee728b)
Start importing Assets/Resources/zJordi/Rooms OK/Lvl 1/Object/Room_Coins_Right.prefab using Guid(b154c6c35d87e994898b9eddc336e16a) Importer(815301076,1909f56bfc062723c751e8b465ee728b) [PhysX] Initialized MultithreadedTaskDispatcher with 16 workers.
[PhysX] Initialized MultithreadedTaskDispatcher with 16 workers.
 -> (artifact id: 'be510cb5fa3ed67f18fc64853474f1b3') in 0.016019 seconds
Number of updated asset objects reloaded before import = 0
Number of asset objects unloaded after import = 87
========================================================================
Received Import Request.
  Time since last request: 0.018518 seconds.
  path: Assets/Resources/zJordi/Rooms OK/Lvl 1/Object/Room_Coins_Left_Down.prefab
  artifactKey: Guid(8e99638792a846d4a829191399d30093) Importer(815301076,1909f56bfc062723c751e8b465ee728b)
Start importing Assets/Resources/zJordi/Rooms OK/Lvl 1/Object/Room_Coins_Left_Down.prefab using Guid(8e99638792a846d4a829191399d30093) Importer(815301076,1909f56bfc062723c751e8b465ee728b) [PhysX] Initialized MultithreadedTaskDispatcher with 16 workers.
[PhysX] Initialized MultithreadedTaskDispatcher with 16 workers.
 -> (artifact id: '5333705372597753827bb8bde22398af') in 0.016825 seconds
Number of updated asset objects reloaded before import = 0
Number of asset objects unloaded after import = 87
========================================================================
Received Import Request.
  Time since last request: 308.322872 seconds.
  path: Assets/Resources/Sprites/Enemies/Lvl 3/Enemy 1/attack 2.png
  artifactKey: Guid(22e615818b7cb8f41a2632cae71e6bcf) Importer(815301076,1909f56bfc062723c751e8b465ee728b)
Start importing Assets/Resources/Sprites/Enemies/Lvl 3/Enemy 1/attack 2.png using Guid(22e615818b7cb8f41a2632cae71e6bcf) Importer(815301076,1909f56bfc062723c751e8b465ee728b) [PhysX] Initialized MultithreadedTaskDispatcher with 16 workers.
[PhysX] Initialized MultithreadedTaskDispatcher with 16 workers.
 -> (artifact id: 'e662d2f23bc074a1afbf36019939442b') in 0.054616 seconds
Number of updated asset objects reloaded before import = 0
Number of asset objects unloaded after import = 9
========================================================================
Received Import Request.
  Time since last request: 0.000020 seconds.
  path: Assets/Resources/Sprites/Bosses/Final Boss/Attack2.png
  artifactKey: Guid(5dadd249830abb34da2dda916887eaee) Importer(815301076,1909f56bfc062723c751e8b465ee728b)
Start importing Assets/Resources/Sprites/Bosses/Final Boss/Attack2.png using Guid(5dadd249830abb34da2dda916887eaee) Importer(815301076,1909f56bfc062723c751e8b465ee728b) [PhysX] Initialized MultithreadedTaskDispatcher with 16 workers.
[PhysX] Initialized MultithreadedTaskDispatcher with 16 workers.
 -> (artifact id: 'e431180ac1addf1713d8b899bd9ad70c') in 0.084231 seconds
Number of updated asset objects reloaded before import = 0
Number of asset objects unloaded after import = 10
========================================================================
Received Import Request.
  Time since last request: 2.379102 seconds.
  path: Assets/Resources/Sprites/Enemies/Lvl 1/Enemy 1/attack.png
  artifactKey: Guid(8242efd8befbdcf438541e83ea030fe9) Importer(815301076,1909f56bfc062723c751e8b465ee728b)
Start importing Assets/Resources/Sprites/Enemies/Lvl 1/Enemy 1/attack.png using Guid(8242efd8befbdcf438541e83ea030fe9) Importer(815301076,1909f56bfc062723c751e8b465ee728b) [PhysX] Initialized MultithreadedTaskDispatcher with 16 workers.
[PhysX] Initialized MultithreadedTaskDispatcher with 16 workers.
 -> (artifact id: '3158edc2cdff242db3643d764fb4b582') in 0.047396 seconds
Number of updated asset objects reloaded before import = 0
Number of asset objects unloaded after import = 15
========================================================================
Received Import Request.
  Time since last request: 0.352431 seconds.
  path: Assets/Resources/Sprites/Cursor/cursor(2).png
  artifactKey: Guid(2453736320353e04b8e162dcf95a974f) Importer(815301076,1909f56bfc062723c751e8b465ee728b)
Start importing Assets/Resources/Sprites/Cursor/cursor(2).png using Guid(2453736320353e04b8e162dcf95a974f) Importer(815301076,1909f56bfc062723c751e8b465ee728b) [PhysX] Initialized MultithreadedTaskDispatcher with 16 workers.
[PhysX] Initialized MultithreadedTaskDispatcher with 16 workers.
 -> (artifact id: '700e0d9f86d5373e1f53a042bad754cc') in 0.016044 seconds
Number of updated asset objects reloaded before import = 0
Number of asset objects unloaded after import = 3
========================================================================
Received Import Request.
  Time since last request: 0.001073 seconds.
  path: Assets/Resources/Sprites/Cursor/cursor(4).png
  artifactKey: Guid(2f0836cf3bf136f4c9b46097290c2db2) Importer(815301076,1909f56bfc062723c751e8b465ee728b)
Start importing Assets/Resources/Sprites/Cursor/cursor(4).png using Guid(2f0836cf3bf136f4c9b46097290c2db2) Importer(815301076,1909f56bfc062723c751e8b465ee728b) [PhysX] Initialized MultithreadedTaskDispatcher with 16 workers.
[PhysX] Initialized MultithreadedTaskDispatcher with 16 workers.
 -> (artifact id: 'a02dff92969257db28e9f80cfc39a544') in 0.016764 seconds
Number of updated asset objects reloaded before import = 0
Number of asset objects unloaded after import = 3
========================================================================
Received Import Request.
  Time since last request: 1.330698 seconds.
  path: Assets/Resources/Sprites/Cursor/cursor(8).png
  artifactKey: Guid(2dceb3fca6f53a24a9bd3d549753e3ad) Importer(815301076,1909f56bfc062723c751e8b465ee728b)
Start importing Assets/Resources/Sprites/Cursor/cursor(8).png using Guid(2dceb3fca6f53a24a9bd3d549753e3ad) Importer(815301076,1909f56bfc062723c751e8b465ee728b) [PhysX] Initialized MultithreadedTaskDispatcher with 16 workers.
[PhysX] Initialized MultithreadedTaskDispatcher with 16 workers.
 -> (artifact id: 'b1f9a137e30ad497dc66b1eff2c64060') in 0.015068 seconds
Number of updated asset objects reloaded before import = 0
Number of asset objects unloaded after import = 3
========================================================================
Received Import Request.
  Time since last request: 0.000020 seconds.
  path: Assets/Resources/Sprites/Cursor/cursor(10).png
  artifactKey: Guid(88c059cd43878dd498ef70ddba8f6d48) Importer(815301076,1909f56bfc062723c751e8b465ee728b)
Start importing Assets/Resources/Sprites/Cursor/cursor(10).png using Guid(88c059cd43878dd498ef70ddba8f6d48) Importer(815301076,1909f56bfc062723c751e8b465ee728b) [PhysX] Initialized MultithreadedTaskDispatcher with 16 workers.
[PhysX] Initialized MultithreadedTaskDispatcher with 16 workers.
 -> (artifact id: '7d4a5b76209bf8c05254eb807b68cb04') in 0.017609 seconds
Number of updated asset objects reloaded before import = 0
Number of asset objects unloaded after import = 3
========================================================================
Received Import Request.
  Time since last request: 0.056099 seconds.
  path: Assets/Resources/Sprites/Enemies/Lvl 3/Enemy 1/damaged and death.png
  artifactKey: Guid(cec1a04c0dc6a734bbd5419b3d3eb18f) Importer(815301076,1909f56bfc062723c751e8b465ee728b)
Start importing Assets/Resources/Sprites/Enemies/Lvl 3/Enemy 1/damaged and death.png using Guid(cec1a04c0dc6a734bbd5419b3d3eb18f) Importer(815301076,1909f56bfc062723c751e8b465ee728b) [PhysX] Initialized MultithreadedTaskDispatcher with 16 workers.
[PhysX] Initialized MultithreadedTaskDispatcher with 16 workers.
 -> (artifact id: 'e254bd70638847c571d447798f9fb648') in 0.034771 seconds
Number of updated asset objects reloaded before import = 0
Number of asset objects unloaded after import = 10
========================================================================
Received Import Request.
  Time since last request: 0.000029 seconds.
  path: Assets/Resources/Sprites/Bosses/Final Boss/Death.png
  artifactKey: Guid(927e3c9f2e8f15c42a18845b201a47f1) Importer(815301076,1909f56bfc062723c751e8b465ee728b)
Start importing Assets/Resources/Sprites/Bosses/Final Boss/Death.png using Guid(927e3c9f2e8f15c42a18845b201a47f1) Importer(815301076,1909f56bfc062723c751e8b465ee728b) [PhysX] Initialized MultithreadedTaskDispatcher with 16 workers.
[PhysX] Initialized MultithreadedTaskDispatcher with 16 workers.
 -> (artifact id: '39319966fcded351b4c48845248d13f9') in 0.041134 seconds
Number of updated asset objects reloaded before import = 0
Number of asset objects unloaded after import = 9
========================================================================
Received Import Request.
  Time since last request: 23.276319 seconds.
  path: Assets/Resources/Sprites/Characters/Player/Hit.png
  artifactKey: Guid(df48e5f7984663f4c846bbd5182cfe81) Importer(815301076,1909f56bfc062723c751e8b465ee728b)
Start importing Assets/Resources/Sprites/Characters/Player/Hit.png using Guid(df48e5f7984663f4c846bbd5182cfe81) Importer(815301076,1909f56bfc062723c751e8b465ee728b) [PhysX] Initialized MultithreadedTaskDispatcher with 16 workers.
[PhysX] Initialized MultithreadedTaskDispatcher with 16 workers.
 -> (artifact id: '2a17e138cef69a0f0006d3296476a473') in 0.064135 seconds
Number of updated asset objects reloaded before import = 0
Number of asset objects unloaded after import = 6
========================================================================
Received Import Request.
  Time since last request: 0.039621 seconds.
  path: Assets/Resources/Sprites/Bosses/Final Boss/Idle.png
  artifactKey: Guid(9831c9606d5ab984a9fbff47e71ad891) Importer(815301076,1909f56bfc062723c751e8b465ee728b)
Start importing Assets/Resources/Sprites/Bosses/Final Boss/Idle.png using Guid(9831c9606d5ab984a9fbff47e71ad891) Importer(815301076,1909f56bfc062723c751e8b465ee728b) [PhysX] Initialized MultithreadedTaskDispatcher with 16 workers.
[PhysX] Initialized MultithreadedTaskDispatcher with 16 workers.
 -> (artifact id: 'aa5004f712bcfd306495a5bbc991f6ed') in 0.053943 seconds
Number of updated asset objects reloaded before import = 0
Number of asset objects unloaded after import = 10
========================================================================
Received Prepare
Caller must complete domain reload
Begin MonoManager ReloadAssembly
- Loaded All Assemblies, in  2.086 seconds
Native extension for UWP target not found
Native extension for WindowsStandalone target not found
Native extension for Android target not found
[Package Manager] Server::EnsureServerProcessIsRunning -- launch failed, reason: Unity was launched with the -noUpm command-line argument
[Package Manager] UpmClient::Send -- Unable to send message (not connected to UPM process).
[Package Manager] Cannot connect to Unity Package Manager local server
Mono: successfully reloaded assembly
- Finished resetting the current domain, in  1.348 seconds
Domain Reload Profiling: 3432ms
	BeginReloadAssembly (1648ms)
		ExecutionOrderSort (0ms)
		DisableScriptedObjects (1435ms)
		BackupInstance (0ms)
		ReleaseScriptingObjects (0ms)
		CreateAndSetChildDomain (53ms)
	RebuildCommonClasses (48ms)
	RebuildNativeTypeToScriptingClass (17ms)
	initialDomainReloadingComplete (48ms)
	LoadAllAssembliesAndSetupDomain (322ms)
		LoadAssemblies (404ms)
		RebuildTransferFunctionScriptingTraits (0ms)
		AnalyzeDomain (34ms)
			TypeCache.Refresh (15ms)
				TypeCache.ScanAssembly (2ms)
			ScanForSourceGeneratedMonoScriptInfo (11ms)
			ResolveRequiredComponents (7ms)
	FinalizeReload (1349ms)
		ReleaseScriptCaches (0ms)
		RebuildScriptCaches (0ms)
		SetupLoadedEditorAssemblies (1043ms)
			LogAssemblyErrors (0ms)
			InitializePlatformSupportModulesInManaged (30ms)
			SetLoadedEditorAssemblies (10ms)
			RefreshPlugins (0ms)
			BeforeProcessingInitializeOnLoad (130ms)
			ProcessInitializeOnLoadAttributes (814ms)
			ProcessInitializeOnLoadMethodAttributes (44ms)
			AfterProcessingInitializeOnLoad (15ms)
			EditorAssembliesLoaded (0ms)
		ExecutionOrderSort2 (0ms)
		AwakeInstancesAfterBackupRestoration (16ms)
Refreshing native plugins compatible for Editor in 11.25 ms, found 4 plugins.
Preloading 0 native plugins for Editor in 0.00 ms.
Unloading 4096 Unused Serialized files (Serialized files now loaded: 0)
Unloading 19 unused Assets / (31.1 KB). Loaded Objects now: 4624.
Memory consumption went from 145.6 MB to 145.6 MB.
Total: 5.215300 ms (FindLiveObjects: 0.424000 ms CreateObjectMapping: 0.168200 ms MarkObjects: 4.553500 ms  DeleteObjects: 0.068400 ms)

Prepare: number of updated asset objects reloaded= 0
AssetImportParameters requested are different than current active one (requested -> active):
  custom:container-demuxer-ogg: 62fdf1f143b41e24485cea50d1cbac27 -> 
  custom:video-decoder-ogg-theora: a1e56fd34408186e4bbccfd4996cb3dc -> 
  custom:framework-win-MediaFoundation: 216162199b28c13a410421893ffa2e32 -> 
  custom:CustomObjectIndexerAttribute: 9a22284fe3817be447336de3de66b15e -> 
  custom:container-demuxer-webm: 4f35f7cbe854078d1ac9338744f61a02 -> 
  custom:container-muxer-webm: aa71ff27fc2769a1b78a27578f13a17b -> 
  custom:video-decoder-webm-vp8: 9c59270c3fd7afecdb556c50c9e8de78 -> 
  custom:SearchIndexIgnoredProperties: e643bd26f0fe6173181afceb89e7c659 -> 
  custom:AudioImporter_EditorPlatform: d09bf68614088b80899f8185d706f6e7 -> 
  custom:video-encoder-webm-vp8: eb34c28f22e8b96e1ab97ce403110664 -> 
  custom:audio-decoder-ogg-vorbis: bf7c407c2cedff20999df2af8eb42d56 -> 
  custom:scripting/monoscript/fileName/ObjectGeneratorControllerScript.cs: a1f82e67a1374853661505d176719d37 -> 
  custom:audio-encoder-webm-vorbis: bf7c407c2cedff20999df2af8eb42d56 -> 
  custom:scripting/precompiled-assembly-types:Assembly-CSharp: 4513f4507eff115af735f5b69bed4f0b -> 110ef8b0bf2a608447b9509484c150b1
========================================================================
Received Prepare
Caller must complete domain reload
Begin MonoManager ReloadAssembly
- Loaded All Assemblies, in  0.620 seconds
Native extension for UWP target not found
Native extension for WindowsStandalone target not found
Native extension for Android target not found
[Package Manager] Server::EnsureServerProcessIsRunning -- launch failed, reason: Unity was launched with the -noUpm command-line argument
[Package Manager] UpmClient::Send -- Unable to send message (not connected to UPM process).
[Package Manager] Cannot connect to Unity Package Manager local server
Mono: successfully reloaded assembly
- Finished resetting the current domain, in  2.195 seconds
Domain Reload Profiling: 2809ms
	BeginReloadAssembly (188ms)
		ExecutionOrderSort (0ms)
		DisableScriptedObjects (13ms)
		BackupInstance (0ms)
		ReleaseScriptingObjects (0ms)
		CreateAndSetChildDomain (42ms)
	RebuildCommonClasses (31ms)
	RebuildNativeTypeToScriptingClass (9ms)
	initialDomainReloadingComplete (35ms)
	LoadAllAssembliesAndSetupDomain (350ms)
		LoadAssemblies (413ms)
		RebuildTransferFunctionScriptingTraits (0ms)
		AnalyzeDomain (37ms)
			TypeCache.Refresh (13ms)
				TypeCache.ScanAssembly (1ms)
			ScanForSourceGeneratedMonoScriptInfo (14ms)
			ResolveRequiredComponents (10ms)
	FinalizeReload (2196ms)
		ReleaseScriptCaches (0ms)
		RebuildScriptCaches (0ms)
		SetupLoadedEditorAssemblies (605ms)
			LogAssemblyErrors (0ms)
			InitializePlatformSupportModulesInManaged (19ms)
			SetLoadedEditorAssemblies (4ms)
			RefreshPlugins (0ms)
			BeforeProcessingInitializeOnLoad (73ms)
			ProcessInitializeOnLoadAttributes (471ms)
			ProcessInitializeOnLoadMethodAttributes (29ms)
			AfterProcessingInitializeOnLoad (8ms)
			EditorAssembliesLoaded (0ms)
		ExecutionOrderSort2 (0ms)
		AwakeInstancesAfterBackupRestoration (12ms)
Refreshing native plugins compatible for Editor in 7.43 ms, found 4 plugins.
Preloading 0 native plugins for Editor in 0.00 ms.
Unloading 4097 Unused Serialized files (Serialized files now loaded: 0)
Unloading 19 unused Assets / (31.2 KB). Loaded Objects now: 4628.
Memory consumption went from 145.9 MB to 145.9 MB.
Total: 4.396000 ms (FindLiveObjects: 0.358300 ms CreateObjectMapping: 0.152700 ms MarkObjects: 3.821700 ms  DeleteObjects: 0.062400 ms)

Prepare: number of updated asset objects reloaded= 0
AssetImportParameters requested are different than current active one (requested -> active):
  custom:container-demuxer-ogg: 62fdf1f143b41e24485cea50d1cbac27 -> 
  custom:video-decoder-ogg-theora: a1e56fd34408186e4bbccfd4996cb3dc -> 
  custom:framework-win-MediaFoundation: 216162199b28c13a410421893ffa2e32 -> 
  custom:CustomObjectIndexerAttribute: 9a22284fe3817be447336de3de66b15e -> 
  custom:container-demuxer-webm: 4f35f7cbe854078d1ac9338744f61a02 -> 
  custom:container-muxer-webm: aa71ff27fc2769a1b78a27578f13a17b -> 
  custom:video-decoder-webm-vp8: 9c59270c3fd7afecdb556c50c9e8de78 -> 
  custom:SearchIndexIgnoredProperties: e643bd26f0fe6173181afceb89e7c659 -> 
  custom:AudioImporter_EditorPlatform: d09bf68614088b80899f8185d706f6e7 -> 
  custom:video-encoder-webm-vp8: eb34c28f22e8b96e1ab97ce403110664 -> 
  custom:audio-decoder-ogg-vorbis: bf7c407c2cedff20999df2af8eb42d56 -> 
  custom:scripting/monoscript/fileName/ObjectGeneratorControllerScript.cs: a1f82e67a1374853661505d176719d37 -> 
  custom:audio-encoder-webm-vorbis: bf7c407c2cedff20999df2af8eb42d56 -> 
  custom:scripting/precompiled-assembly-types:Assembly-CSharp: 4513f4507eff115af735f5b69bed4f0b -> 110ef8b0bf2a608447b9509484c150b1
========================================================================
Received Prepare
Caller must complete domain reload
Begin MonoManager ReloadAssembly
- Loaded All Assemblies, in  0.472 seconds
Native extension for UWP target not found
Native extension for WindowsStandalone target not found
Native extension for Android target not found
[Package Manager] Server::EnsureServerProcessIsRunning -- launch failed, reason: Unity was launched with the -noUpm command-line argument
[Package Manager] UpmClient::Send -- Unable to send message (not connected to UPM process).
[Package Manager] Cannot connect to Unity Package Manager local server
Mono: successfully reloaded assembly
- Finished resetting the current domain, in  1.294 seconds
Domain Reload Profiling: 1762ms
	BeginReloadAssembly (156ms)
		ExecutionOrderSort (0ms)
		DisableScriptedObjects (11ms)
		BackupInstance (0ms)
		ReleaseScriptingObjects (0ms)
		CreateAndSetChildDomain (38ms)
	RebuildCommonClasses (29ms)
	RebuildNativeTypeToScriptingClass (10ms)
	initialDomainReloadingComplete (30ms)
	LoadAllAssembliesAndSetupDomain (243ms)
		LoadAssemblies (291ms)
		RebuildTransferFunctionScriptingTraits (0ms)
		AnalyzeDomain (30ms)
			TypeCache.Refresh (10ms)
				TypeCache.ScanAssembly (1ms)
			ScanForSourceGeneratedMonoScriptInfo (12ms)
			ResolveRequiredComponents (6ms)
	FinalizeReload (1294ms)
		ReleaseScriptCaches (0ms)
		RebuildScriptCaches (0ms)
		SetupLoadedEditorAssemblies (611ms)
			LogAssemblyErrors (0ms)
			InitializePlatformSupportModulesInManaged (18ms)
			SetLoadedEditorAssemblies (4ms)
			RefreshPlugins (0ms)
			BeforeProcessingInitializeOnLoad (74ms)
			ProcessInitializeOnLoadAttributes (479ms)
			ProcessInitializeOnLoadMethodAttributes (29ms)
			AfterProcessingInitializeOnLoad (7ms)
			EditorAssembliesLoaded (0ms)
		ExecutionOrderSort2 (0ms)
		AwakeInstancesAfterBackupRestoration (12ms)
Refreshing native plugins compatible for Editor in 6.78 ms, found 4 plugins.
Preloading 0 native plugins for Editor in 0.00 ms.
Unloading 4097 Unused Serialized files (Serialized files now loaded: 0)
Unloading 19 unused Assets / (31.2 KB). Loaded Objects now: 4632.
Memory consumption went from 145.9 MB to 145.9 MB.
Total: 4.818000 ms (FindLiveObjects: 0.313300 ms CreateObjectMapping: 0.312900 ms MarkObjects: 4.138000 ms  DeleteObjects: 0.052900 ms)

Prepare: number of updated asset objects reloaded= 0
AssetImportParameters requested are different than current active one (requested -> active):
  custom:container-demuxer-ogg: 62fdf1f143b41e24485cea50d1cbac27 -> 
  custom:video-decoder-ogg-theora: a1e56fd34408186e4bbccfd4996cb3dc -> 
  custom:framework-win-MediaFoundation: 216162199b28c13a410421893ffa2e32 -> 
  custom:CustomObjectIndexerAttribute: 9a22284fe3817be447336de3de66b15e -> 
  custom:container-demuxer-webm: 4f35f7cbe854078d1ac9338744f61a02 -> 
  custom:container-muxer-webm: aa71ff27fc2769a1b78a27578f13a17b -> 
  custom:video-decoder-webm-vp8: 9c59270c3fd7afecdb556c50c9e8de78 -> 
  custom:SearchIndexIgnoredProperties: e643bd26f0fe6173181afceb89e7c659 -> 
  custom:AudioImporter_EditorPlatform: d09bf68614088b80899f8185d706f6e7 -> 
  custom:video-encoder-webm-vp8: eb34c28f22e8b96e1ab97ce403110664 -> 
  custom:audio-decoder-ogg-vorbis: bf7c407c2cedff20999df2af8eb42d56 -> 
  custom:scripting/monoscript/fileName/ObjectGeneratorControllerScript.cs: a1f82e67a1374853661505d176719d37 -> 
  custom:audio-encoder-webm-vorbis: bf7c407c2cedff20999df2af8eb42d56 -> 
  custom:scripting/precompiled-assembly-types:Assembly-CSharp: 4513f4507eff115af735f5b69bed4f0b -> 110ef8b0bf2a608447b9509484c150b1
========================================================================
Received Import Request.
  Time since last request: 681.616781 seconds.
  path: Assets/Resources/Prefabs/Objects/Bomb.prefab
  artifactKey: Guid(db74bc38a07970749b0c653bc0d37395) Importer(815301076,1909f56bfc062723c751e8b465ee728b)
Start importing Assets/Resources/Prefabs/Objects/Bomb.prefab using Guid(db74bc38a07970749b0c653bc0d37395) Importer(815301076,1909f56bfc062723c751e8b465ee728b) [PhysX] Initialized MultithreadedTaskDispatcher with 16 workers.
 -> (artifact id: '692efc019e5785f7fdcd369a43dba368') in 0.002070 seconds
Number of updated asset objects reloaded before import = 0
Number of asset objects unloaded after import = 0
========================================================================
Received Import Request.
  Time since last request: 0.006229 seconds.
  path: Assets/Resources/Prefabs/Objects/Bow.prefab
  artifactKey: Guid(471d39931c9d9034aa9d34f409fc831f) Importer(815301076,1909f56bfc062723c751e8b465ee728b)
Start importing Assets/Resources/Prefabs/Objects/Bow.prefab using Guid(471d39931c9d9034aa9d34f409fc831f) Importer(815301076,1909f56bfc062723c751e8b465ee728b) [PhysX] Initialized MultithreadedTaskDispatcher with 16 workers.
 -> (artifact id: 'c938dfa4d86aa65f3f71bacb5686ada8') in 0.000515 seconds
Number of updated asset objects reloaded before import = 0
Number of asset objects unloaded after import = 0
========================================================================
Received Import Request.
  Time since last request: 0.006790 seconds.
  path: Assets/Resources/Prefabs/Objects/Final.prefab
  artifactKey: Guid(33b56a77a5aa3d7418794f0d10b08d10) Importer(815301076,1909f56bfc062723c751e8b465ee728b)
Start importing Assets/Resources/Prefabs/Objects/Final.prefab using Guid(33b56a77a5aa3d7418794f0d10b08d10) Importer(815301076,1909f56bfc062723c751e8b465ee728b) [PhysX] Initialized MultithreadedTaskDispatcher with 16 workers.
 -> (artifact id: '391777bfc0ba33e5ae1de569e851ba06') in 0.000812 seconds
Number of updated asset objects reloaded before import = 0
Number of asset objects unloaded after import = 0
========================================================================
Received Import Request.
  Time since last request: 0.000042 seconds.
  path: Assets/Resources/Prefabs/Objects/Sword.prefab
  artifactKey: Guid(785c2195738d0994aa188fa329ca270c) Importer(815301076,1909f56bfc062723c751e8b465ee728b)
Start importing Assets/Resources/Prefabs/Objects/Sword.prefab using Guid(785c2195738d0994aa188fa329ca270c) Importer(815301076,1909f56bfc062723c751e8b465ee728b) [PhysX] Initialized MultithreadedTaskDispatcher with 16 workers.
 -> (artifact id: '85a136130ed0ea16d6336378508fdc28') in 0.000972 seconds
Number of updated asset objects reloaded before import = 0
Number of asset objects unloaded after import = 0
========================================================================
Received Import Request.
  Time since last request: 0.000050 seconds.
  path: Assets/Resources/Prefabs/Objects/Llave.prefab
  artifactKey: Guid(2ffc5850ed0d5e143ace6698eeae1b39) Importer(815301076,1909f56bfc062723c751e8b465ee728b)
Start importing Assets/Resources/Prefabs/Objects/Llave.prefab using Guid(2ffc5850ed0d5e143ace6698eeae1b39) Importer(815301076,1909f56bfc062723c751e8b465ee728b) [PhysX] Initialized MultithreadedTaskDispatcher with 16 workers.
 -> (artifact id: 'b68b205cce6183b95c54616e411e675c') in 0.000663 seconds
Number of updated asset objects reloaded before import = 0
Number of asset objects unloaded after import = 0
========================================================================
Received Import Request.
  Time since last request: 3.090224 seconds.
  path: Assets/Resources/Prefabs/Objects/Bomb.prefab
  artifactKey: Guid(db74bc38a07970749b0c653bc0d37395) Importer(815301076,1909f56bfc062723c751e8b465ee728b)
Start importing Assets/Resources/Prefabs/Objects/Bomb.prefab using Guid(db74bc38a07970749b0c653bc0d37395) Importer(815301076,1909f56bfc062723c751e8b465ee728b) [PhysX] Initialized MultithreadedTaskDispatcher with 16 workers.
 -> (artifact id: '692efc019e5785f7fdcd369a43dba368') in 0.000711 seconds
Number of updated asset objects reloaded before import = 0
Number of asset objects unloaded after import = 0
========================================================================
Received Import Request.
  Time since last request: 0.000019 seconds.
  path: Assets/Resources/Prefabs/Objects/Coin.prefab
  artifactKey: Guid(ebe65ff559cf03744b17a4fbf434192a) Importer(815301076,1909f56bfc062723c751e8b465ee728b)
Start importing Assets/Resources/Prefabs/Objects/Coin.prefab using Guid(ebe65ff559cf03744b17a4fbf434192a) Importer(815301076,1909f56bfc062723c751e8b465ee728b) [PhysX] Initialized MultithreadedTaskDispatcher with 16 workers.
 -> (artifact id: 'ac46a635f0b821677b4843dc63642c75') in 0.000523 seconds
Number of updated asset objects reloaded before import = 0
Number of asset objects unloaded after import = 0
========================================================================
Received Import Request.
  Time since last request: 0.000018 seconds.
  path: Assets/Resources/Prefabs/Objects/Sword.prefab
  artifactKey: Guid(785c2195738d0994aa188fa329ca270c) Importer(815301076,1909f56bfc062723c751e8b465ee728b)
Start importing Assets/Resources/Prefabs/Objects/Sword.prefab using Guid(785c2195738d0994aa188fa329ca270c) Importer(815301076,1909f56bfc062723c751e8b465ee728b) [PhysX] Initialized MultithreadedTaskDispatcher with 16 workers.
 -> (artifact id: '85a136130ed0ea16d6336378508fdc28') in 0.000533 seconds
Number of updated asset objects reloaded before import = 0
Number of asset objects unloaded after import = 0
========================================================================
Received Import Request.
  Time since last request: 0.000014 seconds.
  path: Assets/Resources/Prefabs/Objects/Final3.prefab
  artifactKey: Guid(22380c8bfe347ed45b65837477dd8a08) Importer(815301076,1909f56bfc062723c751e8b465ee728b)
Start importing Assets/Resources/Prefabs/Objects/Final3.prefab using Guid(22380c8bfe347ed45b65837477dd8a08) Importer(815301076,1909f56bfc062723c751e8b465ee728b) [PhysX] Initialized MultithreadedTaskDispatcher with 16 workers.
 -> (artifact id: '7ba05f6c32a16dcfea674d523a6153d5') in 0.000590 seconds
Number of updated asset objects reloaded before import = 0
Number of asset objects unloaded after import = 0
========================================================================
Received Import Request.
  Time since last request: 0.000021 seconds.
  path: Assets/Resources/Prefabs/Objects/Llave.prefab
  artifactKey: Guid(2ffc5850ed0d5e143ace6698eeae1b39) Importer(815301076,1909f56bfc062723c751e8b465ee728b)
Start importing Assets/Resources/Prefabs/Objects/Llave.prefab using Guid(2ffc5850ed0d5e143ace6698eeae1b39) Importer(815301076,1909f56bfc062723c751e8b465ee728b) [PhysX] Initialized MultithreadedTaskDispatcher with 16 workers.
 -> (artifact id: 'b68b205cce6183b95c54616e411e675c') in 0.000591 seconds
Number of updated asset objects reloaded before import = 0
Number of asset objects unloaded after import = 0
========================================================================
Received Import Request.
  Time since last request: 1.003887 seconds.
  path: Assets/Resources/Prefabs/Objects/Bomb.prefab
  artifactKey: Guid(db74bc38a07970749b0c653bc0d37395) Importer(815301076,1909f56bfc062723c751e8b465ee728b)
Start importing Assets/Resources/Prefabs/Objects/Bomb.prefab using Guid(db74bc38a07970749b0c653bc0d37395) Importer(815301076,1909f56bfc062723c751e8b465ee728b) [PhysX] Initialized MultithreadedTaskDispatcher with 16 workers.
 -> (artifact id: '692efc019e5785f7fdcd369a43dba368') in 0.000546 seconds
Number of updated asset objects reloaded before import = 0
Number of asset objects unloaded after import = 0
========================================================================
Received Import Request.
  Time since last request: 0.000019 seconds.
  path: Assets/Resources/Prefabs/Objects/Bow.prefab
  artifactKey: Guid(471d39931c9d9034aa9d34f409fc831f) Importer(815301076,1909f56bfc062723c751e8b465ee728b)
Start importing Assets/Resources/Prefabs/Objects/Bow.prefab using Guid(471d39931c9d9034aa9d34f409fc831f) Importer(815301076,1909f56bfc062723c751e8b465ee728b) [PhysX] Initialized MultithreadedTaskDispatcher with 16 workers.
 -> (artifact id: 'c938dfa4d86aa65f3f71bacb5686ada8') in 0.000473 seconds
Number of updated asset objects reloaded before import = 0
Number of asset objects unloaded after import = 0
========================================================================
Received Import Request.
  Time since last request: 0.000026 seconds.
  path: Assets/Resources/Prefabs/Objects/Final.prefab
  artifactKey: Guid(33b56a77a5aa3d7418794f0d10b08d10) Importer(815301076,1909f56bfc062723c751e8b465ee728b)
Start importing Assets/Resources/Prefabs/Objects/Final.prefab using Guid(33b56a77a5aa3d7418794f0d10b08d10) Importer(815301076,1909f56bfc062723c751e8b465ee728b) [PhysX] Initialized MultithreadedTaskDispatcher with 16 workers.
 -> (artifact id: '391777bfc0ba33e5ae1de569e851ba06') in 0.000520 seconds
Number of updated asset objects reloaded before import = 0
Number of asset objects unloaded after import = 0
========================================================================
Received Import Request.
  Time since last request: 0.000014 seconds.
  path: Assets/Resources/Prefabs/Objects/Final3.prefab
  artifactKey: Guid(22380c8bfe347ed45b65837477dd8a08) Importer(815301076,1909f56bfc062723c751e8b465ee728b)
Start importing Assets/Resources/Prefabs/Objects/Final3.prefab using Guid(22380c8bfe347ed45b65837477dd8a08) Importer(815301076,1909f56bfc062723c751e8b465ee728b) [PhysX] Initialized MultithreadedTaskDispatcher with 16 workers.
 -> (artifact id: '7ba05f6c32a16dcfea674d523a6153d5') in 0.000434 seconds
Number of updated asset objects reloaded before import = 0
Number of asset objects unloaded after import = 0
========================================================================
Received Import Request.
  Time since last request: 0.000013 seconds.
  path: Assets/Resources/Prefabs/Objects/Llave.prefab
  artifactKey: Guid(2ffc5850ed0d5e143ace6698eeae1b39) Importer(815301076,1909f56bfc062723c751e8b465ee728b)
Start importing Assets/Resources/Prefabs/Objects/Llave.prefab using Guid(2ffc5850ed0d5e143ace6698eeae1b39) Importer(815301076,1909f56bfc062723c751e8b465ee728b) [PhysX] Initialized MultithreadedTaskDispatcher with 16 workers.
 -> (artifact id: 'b68b205cce6183b95c54616e411e675c') in 0.000402 seconds
Number of updated asset objects reloaded before import = 0
Number of asset objects unloaded after import = 0
========================================================================
Received Import Request.
  Time since last request: 1.804950 seconds.
  path: Assets/Resources/Prefabs/Objects/Bomb.prefab
  artifactKey: Guid(db74bc38a07970749b0c653bc0d37395) Importer(815301076,1909f56bfc062723c751e8b465ee728b)
Start importing Assets/Resources/Prefabs/Objects/Bomb.prefab using Guid(db74bc38a07970749b0c653bc0d37395) Importer(815301076,1909f56bfc062723c751e8b465ee728b) [PhysX] Initialized MultithreadedTaskDispatcher with 16 workers.
 -> (artifact id: '692efc019e5785f7fdcd369a43dba368') in 0.001009 seconds
Number of updated asset objects reloaded before import = 0
Number of asset objects unloaded after import = 0
========================================================================
Received Import Request.
  Time since last request: 0.000023 seconds.
  path: Assets/Resources/Prefabs/Objects/Final2.prefab
  artifactKey: Guid(00f868b8caa7df447808d51fbfc9b9ef) Importer(815301076,1909f56bfc062723c751e8b465ee728b)
Start importing Assets/Resources/Prefabs/Objects/Final2.prefab using Guid(00f868b8caa7df447808d51fbfc9b9ef) Importer(815301076,1909f56bfc062723c751e8b465ee728b) [PhysX] Initialized MultithreadedTaskDispatcher with 16 workers.
 -> (artifact id: 'f34ff0c1876a290b15707f978ac10907') in 0.000544 seconds
Number of updated asset objects reloaded before import = 0
Number of asset objects unloaded after import = 0
========================================================================
Received Import Request.
  Time since last request: 0.000016 seconds.
  path: Assets/Resources/Prefabs/Objects/Sword.prefab
  artifactKey: Guid(785c2195738d0994aa188fa329ca270c) Importer(815301076,1909f56bfc062723c751e8b465ee728b)
Start importing Assets/Resources/Prefabs/Objects/Sword.prefab using Guid(785c2195738d0994aa188fa329ca270c) Importer(815301076,1909f56bfc062723c751e8b465ee728b) [PhysX] Initialized MultithreadedTaskDispatcher with 16 workers.
 -> (artifact id: '85a136130ed0ea16d6336378508fdc28') in 0.000508 seconds
Number of updated asset objects reloaded before import = 0
Number of asset objects unloaded after import = 0
========================================================================
Received Import Request.
  Time since last request: 0.000049 seconds.
  path: Assets/Resources/Prefabs/Objects/HealthPotion.prefab
  artifactKey: Guid(53a6a9b391630b94b95d52bb8e4e2d74) Importer(815301076,1909f56bfc062723c751e8b465ee728b)
Start importing Assets/Resources/Prefabs/Objects/HealthPotion.prefab using Guid(53a6a9b391630b94b95d52bb8e4e2d74) Importer(815301076,1909f56bfc062723c751e8b465ee728b) [PhysX] Initialized MultithreadedTaskDispatcher with 16 workers.
 -> (artifact id: 'abb70764abe15aaa6636d8c50c5bdc93') in 0.000621 seconds
Number of updated asset objects reloaded before import = 0
Number of asset objects unloaded after import = 0
========================================================================
Received Import Request.
  Time since last request: 2.030670 seconds.
  path: Assets/Resources/Prefabs/Objects/Bomb.prefab
  artifactKey: Guid(db74bc38a07970749b0c653bc0d37395) Importer(815301076,1909f56bfc062723c751e8b465ee728b)
Start importing Assets/Resources/Prefabs/Objects/Bomb.prefab using Guid(db74bc38a07970749b0c653bc0d37395) Importer(815301076,1909f56bfc062723c751e8b465ee728b) [PhysX] Initialized MultithreadedTaskDispatcher with 16 workers.
 -> (artifact id: '692efc019e5785f7fdcd369a43dba368') in 0.000987 seconds
Number of updated asset objects reloaded before import = 0
Number of asset objects unloaded after import = 0
========================================================================
Received Import Request.
  Time since last request: 0.000028 seconds.
  path: Assets/Resources/Prefabs/Objects/HealthPotion.prefab
  artifactKey: Guid(53a6a9b391630b94b95d52bb8e4e2d74) Importer(815301076,1909f56bfc062723c751e8b465ee728b)
Start importing Assets/Resources/Prefabs/Objects/HealthPotion.prefab using Guid(53a6a9b391630b94b95d52bb8e4e2d74) Importer(815301076,1909f56bfc062723c751e8b465ee728b) [PhysX] Initialized MultithreadedTaskDispatcher with 16 workers.
 -> (artifact id: 'abb70764abe15aaa6636d8c50c5bdc93') in 0.000826 seconds
Number of updated asset objects reloaded before import = 0
Number of asset objects unloaded after import = 0
========================================================================
Received Import Request.
  Time since last request: 1.932734 seconds.
  path: Assets/Resources/Prefabs/Objects/Bomb.prefab
  artifactKey: Guid(db74bc38a07970749b0c653bc0d37395) Importer(815301076,1909f56bfc062723c751e8b465ee728b)
Start importing Assets/Resources/Prefabs/Objects/Bomb.prefab using Guid(db74bc38a07970749b0c653bc0d37395) Importer(815301076,1909f56bfc062723c751e8b465ee728b) [PhysX] Initialized MultithreadedTaskDispatcher with 16 workers.
 -> (artifact id: '692efc019e5785f7fdcd369a43dba368') in 0.000563 seconds
Number of updated asset objects reloaded before import = 0
Number of asset objects unloaded after import = 0
========================================================================
Received Import Request.
  Time since last request: 0.000368 seconds.
  path: Assets/Resources/Prefabs/Objects/Sword.prefab
  artifactKey: Guid(785c2195738d0994aa188fa329ca270c) Importer(815301076,1909f56bfc062723c751e8b465ee728b)
Start importing Assets/Resources/Prefabs/Objects/Sword.prefab using Guid(785c2195738d0994aa188fa329ca270c) Importer(815301076,1909f56bfc062723c751e8b465ee728b) [PhysX] Initialized MultithreadedTaskDispatcher with 16 workers.
 -> (artifact id: '85a136130ed0ea16d6336378508fdc28') in 0.000480 seconds
Number of updated asset objects reloaded before import = 0
Number of asset objects unloaded after import = 0
========================================================================
Received Import Request.
  Time since last request: 1.004511 seconds.
  path: Assets/Resources/Prefabs/Objects/Bomb.prefab
  artifactKey: Guid(db74bc38a07970749b0c653bc0d37395) Importer(815301076,1909f56bfc062723c751e8b465ee728b)
Start importing Assets/Resources/Prefabs/Objects/Bomb.prefab using Guid(db74bc38a07970749b0c653bc0d37395) Importer(815301076,1909f56bfc062723c751e8b465ee728b) [PhysX] Initialized MultithreadedTaskDispatcher with 16 workers.
 -> (artifact id: '692efc019e5785f7fdcd369a43dba368') in 0.000594 seconds
Number of updated asset objects reloaded before import = 0
Number of asset objects unloaded after import = 0
========================================================================
Received Import Request.
  Time since last request: 1.886353 seconds.
  path: Assets/Resources/Prefabs/Objects/Bomb.prefab
  artifactKey: Guid(db74bc38a07970749b0c653bc0d37395) Importer(815301076,1909f56bfc062723c751e8b465ee728b)
Start importing Assets/Resources/Prefabs/Objects/Bomb.prefab using Guid(db74bc38a07970749b0c653bc0d37395) Importer(815301076,1909f56bfc062723c751e8b465ee728b) [PhysX] Initialized MultithreadedTaskDispatcher with 16 workers.
 -> (artifact id: '692efc019e5785f7fdcd369a43dba368') in 0.000557 seconds
Number of updated asset objects reloaded before import = 0
Number of asset objects unloaded after import = 0
========================================================================
Received Import Request.
  Time since last request: 2.854025 seconds.
  path: Assets/Resources/Prefabs/Objects/Bomb.prefab
  artifactKey: Guid(db74bc38a07970749b0c653bc0d37395) Importer(815301076,1909f56bfc062723c751e8b465ee728b)
Start importing Assets/Resources/Prefabs/Objects/Bomb.prefab using Guid(db74bc38a07970749b0c653bc0d37395) Importer(815301076,1909f56bfc062723c751e8b465ee728b) [PhysX] Initialized MultithreadedTaskDispatcher with 16 workers.
 -> (artifact id: '692efc019e5785f7fdcd369a43dba368') in 0.000575 seconds
Number of updated asset objects reloaded before import = 0
Number of asset objects unloaded after import = 0
========================================================================
Received Import Request.
  Time since last request: 1.696220 seconds.
  path: Assets/Resources/Prefabs/Objects/Bomb.prefab
  artifactKey: Guid(db74bc38a07970749b0c653bc0d37395) Importer(815301076,1909f56bfc062723c751e8b465ee728b)
Start importing Assets/Resources/Prefabs/Objects/Bomb.prefab using Guid(db74bc38a07970749b0c653bc0d37395) Importer(815301076,1909f56bfc062723c751e8b465ee728b) [PhysX] Initialized MultithreadedTaskDispatcher with 16 workers.
 -> (artifact id: '692efc019e5785f7fdcd369a43dba368') in 0.000497 seconds
Number of updated asset objects reloaded before import = 0
Number of asset objects unloaded after import = 0
========================================================================
Received Import Request.
  Time since last request: 3.428108 seconds.
  path: Assets/Resources/Prefabs/Objects/Bomb.prefab
  artifactKey: Guid(db74bc38a07970749b0c653bc0d37395) Importer(815301076,1909f56bfc062723c751e8b465ee728b)
Start importing Assets/Resources/Prefabs/Objects/Bomb.prefab using Guid(db74bc38a07970749b0c653bc0d37395) Importer(815301076,1909f56bfc062723c751e8b465ee728b) [PhysX] Initialized MultithreadedTaskDispatcher with 16 workers.
 -> (artifact id: '692efc019e5785f7fdcd369a43dba368') in 0.000501 seconds
Number of updated asset objects reloaded before import = 0
Number of asset objects unloaded after import = 0
========================================================================
Received Import Request.
  Time since last request: 1.264527 seconds.
  path: Assets/Resources/Prefabs/Objects/Bomb.prefab
  artifactKey: Guid(db74bc38a07970749b0c653bc0d37395) Importer(815301076,1909f56bfc062723c751e8b465ee728b)
Start importing Assets/Resources/Prefabs/Objects/Bomb.prefab using Guid(db74bc38a07970749b0c653bc0d37395) Importer(815301076,1909f56bfc062723c751e8b465ee728b) [PhysX] Initialized MultithreadedTaskDispatcher with 16 workers.
 -> (artifact id: '692efc019e5785f7fdcd369a43dba368') in 0.000836 seconds
Number of updated asset objects reloaded before import = 0
Number of asset objects unloaded after import = 0
========================================================================
Received Import Request.
  Time since last request: 1.031540 seconds.
  path: Assets/Resources/Prefabs/Objects/Bomb.prefab
  artifactKey: Guid(db74bc38a07970749b0c653bc0d37395) Importer(815301076,1909f56bfc062723c751e8b465ee728b)
Start importing Assets/Resources/Prefabs/Objects/Bomb.prefab using Guid(db74bc38a07970749b0c653bc0d37395) Importer(815301076,1909f56bfc062723c751e8b465ee728b) [PhysX] Initialized MultithreadedTaskDispatcher with 16 workers.
 -> (artifact id: '692efc019e5785f7fdcd369a43dba368') in 0.000593 seconds
Number of updated asset objects reloaded before import = 0
Number of asset objects unloaded after import = 0
========================================================================
Received Import Request.
  Time since last request: 1.695969 seconds.
  path: Assets/Resources/Prefabs/Objects/Bomb.prefab
  artifactKey: Guid(db74bc38a07970749b0c653bc0d37395) Importer(815301076,1909f56bfc062723c751e8b465ee728b)
Start importing Assets/Resources/Prefabs/Objects/Bomb.prefab using Guid(db74bc38a07970749b0c653bc0d37395) Importer(815301076,1909f56bfc062723c751e8b465ee728b) [PhysX] Initialized MultithreadedTaskDispatcher with 16 workers.
 -> (artifact id: '692efc019e5785f7fdcd369a43dba368') in 0.000572 seconds
Number of updated asset objects reloaded before import = 0
Number of asset objects unloaded after import = 0
========================================================================
Received Prepare
Caller must complete domain reload
Begin MonoManager ReloadAssembly
- Loaded All Assemblies, in  0.451 seconds
Native extension for UWP target not found
Native extension for WindowsStandalone target not found
Native extension for Android target not found
[Package Manager] Server::EnsureServerProcessIsRunning -- launch failed, reason: Unity was launched with the -noUpm command-line argument
[Package Manager] UpmClient::Send -- Unable to send message (not connected to UPM process).
[Package Manager] Cannot connect to Unity Package Manager local server
Mono: successfully reloaded assembly
- Finished resetting the current domain, in  1.345 seconds
Domain Reload Profiling: 1793ms
	BeginReloadAssembly (152ms)
		ExecutionOrderSort (0ms)
		DisableScriptedObjects (10ms)
		BackupInstance (0ms)
		ReleaseScriptingObjects (0ms)
		CreateAndSetChildDomain (34ms)
	RebuildCommonClasses (29ms)
	RebuildNativeTypeToScriptingClass (9ms)
	initialDomainReloadingComplete (31ms)
	LoadAllAssembliesAndSetupDomain (226ms)
		LoadAssemblies (291ms)
		RebuildTransferFunctionScriptingTraits (0ms)
		AnalyzeDomain (12ms)
			TypeCache.Refresh (5ms)
				TypeCache.ScanAssembly (0ms)
			ScanForSourceGeneratedMonoScriptInfo (0ms)
			ResolveRequiredComponents (6ms)
	FinalizeReload (1346ms)
		ReleaseScriptCaches (0ms)
		RebuildScriptCaches (0ms)
		SetupLoadedEditorAssemblies (702ms)
			LogAssemblyErrors (0ms)
			InitializePlatformSupportModulesInManaged (19ms)
			SetLoadedEditorAssemblies (5ms)
			RefreshPlugins (0ms)
			BeforeProcessingInitializeOnLoad (79ms)
			ProcessInitializeOnLoadAttributes (554ms)
			ProcessInitializeOnLoadMethodAttributes (37ms)
			AfterProcessingInitializeOnLoad (8ms)
			EditorAssembliesLoaded (0ms)
		ExecutionOrderSort2 (0ms)
		AwakeInstancesAfterBackupRestoration (14ms)
Refreshing native plugins compatible for Editor in 6.21 ms, found 4 plugins.
Preloading 0 native plugins for Editor in 0.00 ms.
Unloading 4096 Unused Serialized files (Serialized files now loaded: 0)
Unloading 19 unused Assets / (31.2 KB). Loaded Objects now: 4636.
Memory consumption went from 145.7 MB to 145.6 MB.
Total: 4.407800 ms (FindLiveObjects: 0.320900 ms CreateObjectMapping: 0.290300 ms MarkObjects: 3.745000 ms  DeleteObjects: 0.050700 ms)

Prepare: number of updated asset objects reloaded= 0
AssetImportParameters requested are different than current active one (requested -> active):
  custom:container-demuxer-ogg: 62fdf1f143b41e24485cea50d1cbac27 -> 
  custom:video-decoder-ogg-theora: a1e56fd34408186e4bbccfd4996cb3dc -> 
  custom:framework-win-MediaFoundation: 216162199b28c13a410421893ffa2e32 -> 
  custom:CustomObjectIndexerAttribute: 9a22284fe3817be447336de3de66b15e -> 
  custom:container-demuxer-webm: 4f35f7cbe854078d1ac9338744f61a02 -> 
  custom:container-muxer-webm: aa71ff27fc2769a1b78a27578f13a17b -> 
  custom:video-decoder-webm-vp8: 9c59270c3fd7afecdb556c50c9e8de78 -> 
  custom:SearchIndexIgnoredProperties: e643bd26f0fe6173181afceb89e7c659 -> 
  custom:AudioImporter_EditorPlatform: d09bf68614088b80899f8185d706f6e7 -> 
  custom:video-encoder-webm-vp8: eb34c28f22e8b96e1ab97ce403110664 -> 
  custom:audio-decoder-ogg-vorbis: bf7c407c2cedff20999df2af8eb42d56 -> 
  custom:scripting/monoscript/fileName/ObjectGeneratorControllerScript.cs: a1f82e67a1374853661505d176719d37 -> 
  custom:audio-encoder-webm-vorbis: bf7c407c2cedff20999df2af8eb42d56 -> 
  custom:scripting/precompiled-assembly-types:Assembly-CSharp: 4513f4507eff115af735f5b69bed4f0b -> 110ef8b0bf2a608447b9509484c150b1
========================================================================
Received Prepare
Caller must complete domain reload
Begin MonoManager ReloadAssembly
- Loaded All Assemblies, in  0.434 seconds
Native extension for UWP target not found
Native extension for WindowsStandalone target not found
Native extension for Android target not found
[Package Manager] Server::EnsureServerProcessIsRunning -- launch failed, reason: Unity was launched with the -noUpm command-line argument
[Package Manager] UpmClient::Send -- Unable to send message (not connected to UPM process).
[Package Manager] Cannot connect to Unity Package Manager local server
Mono: successfully reloaded assembly
- Finished resetting the current domain, in  1.292 seconds
Domain Reload Profiling: 1722ms
	BeginReloadAssembly (153ms)
		ExecutionOrderSort (0ms)
		DisableScriptedObjects (10ms)
		BackupInstance (0ms)
		ReleaseScriptingObjects (0ms)
		CreateAndSetChildDomain (36ms)
	RebuildCommonClasses (28ms)
	RebuildNativeTypeToScriptingClass (9ms)
	initialDomainReloadingComplete (29ms)
	LoadAllAssembliesAndSetupDomain (211ms)
		LoadAssemblies (277ms)
		RebuildTransferFunctionScriptingTraits (0ms)
		AnalyzeDomain (13ms)
			TypeCache.Refresh (5ms)
				TypeCache.ScanAssembly (0ms)
			ScanForSourceGeneratedMonoScriptInfo (0ms)
			ResolveRequiredComponents (6ms)
	FinalizeReload (1292ms)
		ReleaseScriptCaches (0ms)
		RebuildScriptCaches (0ms)
		SetupLoadedEditorAssemblies (652ms)
			LogAssemblyErrors (0ms)
			InitializePlatformSupportModulesInManaged (18ms)
			SetLoadedEditorAssemblies (4ms)
			RefreshPlugins (0ms)
			BeforeProcessingInitializeOnLoad (73ms)
			ProcessInitializeOnLoadAttributes (515ms)
			ProcessInitializeOnLoadMethodAttributes (33ms)
			AfterProcessingInitializeOnLoad (8ms)
			EditorAssembliesLoaded (0ms)
		ExecutionOrderSort2 (0ms)
		AwakeInstancesAfterBackupRestoration (14ms)
Refreshing native plugins compatible for Editor in 6.71 ms, found 4 plugins.
Preloading 0 native plugins for Editor in 0.00 ms.
Unloading 4097 Unused Serialized files (Serialized files now loaded: 0)
Unloading 19 unused Assets / (31.2 KB). Loaded Objects now: 4640.
Memory consumption went from 145.9 MB to 145.9 MB.
Total: 5.425800 ms (FindLiveObjects: 0.363000 ms CreateObjectMapping: 0.406100 ms MarkObjects: 4.593500 ms  DeleteObjects: 0.061900 ms)

Prepare: number of updated asset objects reloaded= 0
AssetImportParameters requested are different than current active one (requested -> active):
  custom:container-demuxer-ogg: 62fdf1f143b41e24485cea50d1cbac27 -> 
  custom:video-decoder-ogg-theora: a1e56fd34408186e4bbccfd4996cb3dc -> 
  custom:framework-win-MediaFoundation: 216162199b28c13a410421893ffa2e32 -> 
  custom:CustomObjectIndexerAttribute: 9a22284fe3817be447336de3de66b15e -> 
  custom:container-demuxer-webm: 4f35f7cbe854078d1ac9338744f61a02 -> 
  custom:container-muxer-webm: aa71ff27fc2769a1b78a27578f13a17b -> 
  custom:video-decoder-webm-vp8: 9c59270c3fd7afecdb556c50c9e8de78 -> 
  custom:SearchIndexIgnoredProperties: e643bd26f0fe6173181afceb89e7c659 -> 
  custom:AudioImporter_EditorPlatform: d09bf68614088b80899f8185d706f6e7 -> 
  custom:video-encoder-webm-vp8: eb34c28f22e8b96e1ab97ce403110664 -> 
  custom:audio-decoder-ogg-vorbis: bf7c407c2cedff20999df2af8eb42d56 -> 
  custom:scripting/monoscript/fileName/ObjectGeneratorControllerScript.cs: a1f82e67a1374853661505d176719d37 -> 
  custom:audio-encoder-webm-vorbis: bf7c407c2cedff20999df2af8eb42d56 -> 
  custom:scripting/precompiled-assembly-types:Assembly-CSharp: 4513f4507eff115af735f5b69bed4f0b -> 110ef8b0bf2a608447b9509484c150b1
========================================================================
Received Import Request.
  Time since last request: 287.092045 seconds.
  path: Assets/Resources/zJordi/Rooms OK/Lvl 1/Object/Room_Coins_Left.prefab
  artifactKey: Guid(9ad911298b16694419178d3d22292421) Importer(815301076,1909f56bfc062723c751e8b465ee728b)
Start importing Assets/Resources/zJordi/Rooms OK/Lvl 1/Object/Room_Coins_Left.prefab using Guid(9ad911298b16694419178d3d22292421) Importer(815301076,1909f56bfc062723c751e8b465ee728b) [PhysX] Initialized MultithreadedTaskDispatcher with 16 workers.
 -> (artifact id: 'c1072e2f07453cb7ea767e9e389b05fd') in 0.001897 seconds
Number of updated asset objects reloaded before import = 0
Number of asset objects unloaded after import = 0
========================================================================
Received Import Request.
  Time since last request: 2.025537 seconds.
  path: Assets/Resources/zJordi/Rooms OK/Lvl 1/Object/Room_Coins_Left.prefab
  artifactKey: Guid(9ad911298b16694419178d3d22292421) Importer(815301076,1909f56bfc062723c751e8b465ee728b)
Start importing Assets/Resources/zJordi/Rooms OK/Lvl 1/Object/Room_Coins_Left.prefab using Guid(9ad911298b16694419178d3d22292421) Importer(815301076,1909f56bfc062723c751e8b465ee728b) [PhysX] Initialized MultithreadedTaskDispatcher with 16 workers.
 -> (artifact id: '42ad426dadad2ad68e6d90bfe23151cb') in 0.000645 seconds
Number of updated asset objects reloaded before import = 0
Number of asset objects unloaded after import = 0
========================================================================
Received Import Request.
  Time since last request: 4.637145 seconds.
  path: Assets/Resources/zJordi/Rooms OK/Lvl 1/Object/Room_Coins_Left.prefab
  artifactKey: Guid(9ad911298b16694419178d3d22292421) Importer(815301076,1909f56bfc062723c751e8b465ee728b)
Start importing Assets/Resources/zJordi/Rooms OK/Lvl 1/Object/Room_Coins_Left.prefab using Guid(9ad911298b16694419178d3d22292421) Importer(815301076,1909f56bfc062723c751e8b465ee728b) [PhysX] Initialized MultithreadedTaskDispatcher with 16 workers.
 -> (artifact id: '42ad426dadad2ad68e6d90bfe23151cb') in 0.000746 seconds
Number of updated asset objects reloaded before import = 0
Number of asset objects unloaded after import = 0
========================================================================
Received Import Request.
  Time since last request: 0.000023 seconds.
  path: Assets/Resources/zJordi/Rooms OK/Lvl 1/Object/Room_Coins_Left_Down.prefab
  artifactKey: Guid(8e99638792a846d4a829191399d30093) Importer(815301076,1909f56bfc062723c751e8b465ee728b)
Start importing Assets/Resources/zJordi/Rooms OK/Lvl 1/Object/Room_Coins_Left_Down.prefab using Guid(8e99638792a846d4a829191399d30093) Importer(815301076,1909f56bfc062723c751e8b465ee728b) [PhysX] Initialized MultithreadedTaskDispatcher with 16 workers.
 -> (artifact id: 'cef2f1614a68bf5c81b962cf3eef1e19') in 0.000438 seconds
Number of updated asset objects reloaded before import = 0
Number of asset objects unloaded after import = 0
========================================================================
Received Import Request.
  Time since last request: 1.001737 seconds.
  path: Assets/Resources/zJordi/Rooms OK/Lvl 1/Object/Room_Coins_Left.prefab
  artifactKey: Guid(9ad911298b16694419178d3d22292421) Importer(815301076,1909f56bfc062723c751e8b465ee728b)
Start importing Assets/Resources/zJordi/Rooms OK/Lvl 1/Object/Room_Coins_Left.prefab using Guid(9ad911298b16694419178d3d22292421) Importer(815301076,1909f56bfc062723c751e8b465ee728b) [PhysX] Initialized MultithreadedTaskDispatcher with 16 workers.
 -> (artifact id: '42ad426dadad2ad68e6d90bfe23151cb') in 0.000558 seconds
Number of updated asset objects reloaded before import = 0
Number of asset objects unloaded after import = 0
========================================================================
Received Import Request.
  Time since last request: 2.432066 seconds.
  path: Assets/Resources/zJordi/Rooms OK/Lvl 1/Object/Room_Coins_Left.prefab
  artifactKey: Guid(9ad911298b16694419178d3d22292421) Importer(815301076,1909f56bfc062723c751e8b465ee728b)
Start importing Assets/Resources/zJordi/Rooms OK/Lvl 1/Object/Room_Coins_Left.prefab using Guid(9ad911298b16694419178d3d22292421) Importer(815301076,1909f56bfc062723c751e8b465ee728b) [PhysX] Initialized MultithreadedTaskDispatcher with 16 workers.
 -> (artifact id: '42ad426dadad2ad68e6d90bfe23151cb') in 0.000586 seconds
Number of updated asset objects reloaded before import = 0
Number of asset objects unloaded after import = 0
========================================================================
Received Import Request.
  Time since last request: 0.000017 seconds.
  path: Assets/Resources/zJordi/Rooms OK/Lvl 1/Object/Room_Coins_Left_Down.prefab
  artifactKey: Guid(8e99638792a846d4a829191399d30093) Importer(815301076,1909f56bfc062723c751e8b465ee728b)
Start importing Assets/Resources/zJordi/Rooms OK/Lvl 1/Object/Room_Coins_Left_Down.prefab using Guid(8e99638792a846d4a829191399d30093) Importer(815301076,1909f56bfc062723c751e8b465ee728b) [PhysX] Initialized MultithreadedTaskDispatcher with 16 workers.
 -> (artifact id: 'f879c3674bd5eff9e999fe05d68dbda8') in 0.000384 seconds
Number of updated asset objects reloaded before import = 0
Number of asset objects unloaded after import = 0
========================================================================
Received Import Request.
  Time since last request: 2.215701 seconds.
  path: Assets/Resources/zJordi/Rooms OK/Lvl 1/Object/Room_Coins_Left.prefab
  artifactKey: Guid(9ad911298b16694419178d3d22292421) Importer(815301076,1909f56bfc062723c751e8b465ee728b)
Start importing Assets/Resources/zJordi/Rooms OK/Lvl 1/Object/Room_Coins_Left.prefab using Guid(9ad911298b16694419178d3d22292421) Importer(815301076,1909f56bfc062723c751e8b465ee728b) [PhysX] Initialized MultithreadedTaskDispatcher with 16 workers.
 -> (artifact id: '42ad426dadad2ad68e6d90bfe23151cb') in 0.000507 seconds
Number of updated asset objects reloaded before import = 0
Number of asset objects unloaded after import = 0
========================================================================
Received Import Request.
  Time since last request: 0.000015 seconds.
  path: Assets/Resources/zJordi/Rooms OK/Lvl 1/Object/Room_Coins_Left_Down.prefab
  artifactKey: Guid(8e99638792a846d4a829191399d30093) Importer(815301076,1909f56bfc062723c751e8b465ee728b)
Start importing Assets/Resources/zJordi/Rooms OK/Lvl 1/Object/Room_Coins_Left_Down.prefab using Guid(8e99638792a846d4a829191399d30093) Importer(815301076,1909f56bfc062723c751e8b465ee728b) [PhysX] Initialized MultithreadedTaskDispatcher with 16 workers.
 -> (artifact id: 'f879c3674bd5eff9e999fe05d68dbda8') in 0.000390 seconds
Number of updated asset objects reloaded before import = 0
Number of asset objects unloaded after import = 0
========================================================================
Received Import Request.
  Time since last request: 3.852583 seconds.
  path: Assets/Resources/zJordi/Rooms OK/Lvl 1/Object/Room_Coins_Left.prefab
  artifactKey: Guid(9ad911298b16694419178d3d22292421) Importer(815301076,1909f56bfc062723c751e8b465ee728b)
Start importing Assets/Resources/zJordi/Rooms OK/Lvl 1/Object/Room_Coins_Left.prefab using Guid(9ad911298b16694419178d3d22292421) Importer(815301076,1909f56bfc062723c751e8b465ee728b) [PhysX] Initialized MultithreadedTaskDispatcher with 16 workers.
 -> (artifact id: '42ad426dadad2ad68e6d90bfe23151cb') in 0.000574 seconds
Number of updated asset objects reloaded before import = 0
Number of asset objects unloaded after import = 0
========================================================================
Received Import Request.
  Time since last request: 0.006901 seconds.
  path: Assets/Resources/zJordi/Rooms OK/Lvl 1/Object/Room_Coins_Left_Up.prefab
  artifactKey: Guid(d5ffd0e7401297048822472caf0b81ac) Importer(815301076,1909f56bfc062723c751e8b465ee728b)
Start importing Assets/Resources/zJordi/Rooms OK/Lvl 1/Object/Room_Coins_Left_Up.prefab using Guid(d5ffd0e7401297048822472caf0b81ac) Importer(815301076,1909f56bfc062723c751e8b465ee728b) [PhysX] Initialized MultithreadedTaskDispatcher with 16 workers.
 -> (artifact id: '3f21d016508007d4dfb373ebd3db46e4') in 0.000734 seconds
Number of updated asset objects reloaded before import = 0
Number of asset objects unloaded after import = 0
========================================================================
Received Import Request.
  Time since last request: 1.002104 seconds.
  path: Assets/Resources/zJordi/Rooms OK/Lvl 1/Object/Room_Coins_Left.prefab
  artifactKey: Guid(9ad911298b16694419178d3d22292421) Importer(815301076,1909f56bfc062723c751e8b465ee728b)
Start importing Assets/Resources/zJordi/Rooms OK/Lvl 1/Object/Room_Coins_Left.prefab using Guid(9ad911298b16694419178d3d22292421) Importer(815301076,1909f56bfc062723c751e8b465ee728b) [PhysX] Initialized MultithreadedTaskDispatcher with 16 workers.
 -> (artifact id: '42ad426dadad2ad68e6d90bfe23151cb') in 0.000681 seconds
Number of updated asset objects reloaded before import = 0
Number of asset objects unloaded after import = 0
========================================================================
Received Import Request.
  Time since last request: 0.000018 seconds.
  path: Assets/Resources/zJordi/Rooms OK/Lvl 1/Object/Room_Coins_Left_Up.prefab
  artifactKey: Guid(d5ffd0e7401297048822472caf0b81ac) Importer(815301076,1909f56bfc062723c751e8b465ee728b)
Start importing Assets/Resources/zJordi/Rooms OK/Lvl 1/Object/Room_Coins_Left_Up.prefab using Guid(d5ffd0e7401297048822472caf0b81ac) Importer(815301076,1909f56bfc062723c751e8b465ee728b) [PhysX] Initialized MultithreadedTaskDispatcher with 16 workers.
 -> (artifact id: '3f21d016508007d4dfb373ebd3db46e4') in 0.000518 seconds
Number of updated asset objects reloaded before import = 0
Number of asset objects unloaded after import = 0
========================================================================
Received Import Request.
  Time since last request: 4.861240 seconds.
  path: Assets/Resources/zJordi/Rooms OK/Lvl 1/Object/Room_Coins_Left.prefab
  artifactKey: Guid(9ad911298b16694419178d3d22292421) Importer(815301076,1909f56bfc062723c751e8b465ee728b)
Start importing Assets/Resources/zJordi/Rooms OK/Lvl 1/Object/Room_Coins_Left.prefab using Guid(9ad911298b16694419178d3d22292421) Importer(815301076,1909f56bfc062723c751e8b465ee728b) [PhysX] Initialized MultithreadedTaskDispatcher with 16 workers.
 -> (artifact id: '42ad426dadad2ad68e6d90bfe23151cb') in 0.000630 seconds
Number of updated asset objects reloaded before import = 0
Number of asset objects unloaded after import = 0
========================================================================
Received Import Request.
  Time since last request: 0.000058 seconds.
  path: Assets/Resources/zJordi/Rooms OK/Lvl 1/Object/Room_Coins_Right.prefab
  artifactKey: Guid(b154c6c35d87e994898b9eddc336e16a) Importer(815301076,1909f56bfc062723c751e8b465ee728b)
Start importing Assets/Resources/zJordi/Rooms OK/Lvl 1/Object/Room_Coins_Right.prefab using Guid(b154c6c35d87e994898b9eddc336e16a) Importer(815301076,1909f56bfc062723c751e8b465ee728b) [PhysX] Initialized MultithreadedTaskDispatcher with 16 workers.
 -> (artifact id: '2544f2dac2268ac4cf1e94eda6f69920') in 0.000430 seconds
Number of updated asset objects reloaded before import = 0
Number of asset objects unloaded after import = 0
========================================================================
Received Import Request.
  Time since last request: 1.016801 seconds.
  path: Assets/Resources/zJordi/Rooms OK/Lvl 1/Object/Room_Coins_Left.prefab
  artifactKey: Guid(9ad911298b16694419178d3d22292421) Importer(815301076,1909f56bfc062723c751e8b465ee728b)
Start importing Assets/Resources/zJordi/Rooms OK/Lvl 1/Object/Room_Coins_Left.prefab using Guid(9ad911298b16694419178d3d22292421) Importer(815301076,1909f56bfc062723c751e8b465ee728b) [PhysX] Initialized MultithreadedTaskDispatcher with 16 workers.
 -> (artifact id: '42ad426dadad2ad68e6d90bfe23151cb') in 0.000563 seconds
Number of updated asset objects reloaded before import = 0
Number of asset objects unloaded after import = 0
========================================================================
Received Import Request.
  Time since last request: 0.000017 seconds.
  path: Assets/Resources/zJordi/Rooms OK/Lvl 1/Object/Room_Coins_Right.prefab
  artifactKey: Guid(b154c6c35d87e994898b9eddc336e16a) Importer(815301076,1909f56bfc062723c751e8b465ee728b)
Start importing Assets/Resources/zJordi/Rooms OK/Lvl 1/Object/Room_Coins_Right.prefab using Guid(b154c6c35d87e994898b9eddc336e16a) Importer(815301076,1909f56bfc062723c751e8b465ee728b) [PhysX] Initialized MultithreadedTaskDispatcher with 16 workers.
 -> (artifact id: 'f50970dfaa584998453bb05444a8d81f') in 0.000426 seconds
Number of updated asset objects reloaded before import = 0
Number of asset objects unloaded after import = 0
========================================================================
Received Import Request.
  Time since last request: 4.266495 seconds.
  path: Assets/Resources/zJordi/Rooms OK/Lvl 1/Object/Room_Coins_Left.prefab
  artifactKey: Guid(9ad911298b16694419178d3d22292421) Importer(815301076,1909f56bfc062723c751e8b465ee728b)
Start importing Assets/Resources/zJordi/Rooms OK/Lvl 1/Object/Room_Coins_Left.prefab using Guid(9ad911298b16694419178d3d22292421) Importer(815301076,1909f56bfc062723c751e8b465ee728b) [PhysX] Initialized MultithreadedTaskDispatcher with 16 workers.
 -> (artifact id: '42ad426dadad2ad68e6d90bfe23151cb') in 0.000651 seconds
Number of updated asset objects reloaded before import = 0
Number of asset objects unloaded after import = 0
========================================================================
Received Import Request.
  Time since last request: 0.000023 seconds.
  path: Assets/Resources/zJordi/Rooms OK/Lvl 1/Object/Room_Coins_Right_Down.prefab
  artifactKey: Guid(48cec1a7ac48e6f40979d9e1433acfc1) Importer(815301076,1909f56bfc062723c751e8b465ee728b)
Start importing Assets/Resources/zJordi/Rooms OK/Lvl 1/Object/Room_Coins_Right_Down.prefab using Guid(48cec1a7ac48e6f40979d9e1433acfc1) Importer(815301076,1909f56bfc062723c751e8b465ee728b) [PhysX] Initialized MultithreadedTaskDispatcher with 16 workers.
 -> (artifact id: '1f57173d859f049331cc1fb977dd0df1') in 0.000488 seconds
Number of updated asset objects reloaded before import = 0
Number of asset objects unloaded after import = 0
========================================================================
Received Import Request.
  Time since last request: 1.600020 seconds.
  path: Assets/Resources/zJordi/Rooms OK/Lvl 1/Object/Room_Coins_Left.prefab
  artifactKey: Guid(9ad911298b16694419178d3d22292421) Importer(815301076,1909f56bfc062723c751e8b465ee728b)
Start importing Assets/Resources/zJordi/Rooms OK/Lvl 1/Object/Room_Coins_Left.prefab using Guid(9ad911298b16694419178d3d22292421) Importer(815301076,1909f56bfc062723c751e8b465ee728b) [PhysX] Initialized MultithreadedTaskDispatcher with 16 workers.
 -> (artifact id: '42ad426dadad2ad68e6d90bfe23151cb') in 0.000622 seconds
Number of updated asset objects reloaded before import = 0
Number of asset objects unloaded after import = 0
========================================================================
Received Import Request.
  Time since last request: 3.039966 seconds.
  path: Assets/Resources/zJordi/Rooms OK/Lvl 1/Object/Room_Coins_Left.prefab
  artifactKey: Guid(9ad911298b16694419178d3d22292421) Importer(815301076,1909f56bfc062723c751e8b465ee728b)
Start importing Assets/Resources/zJordi/Rooms OK/Lvl 1/Object/Room_Coins_Left.prefab using Guid(9ad911298b16694419178d3d22292421) Importer(815301076,1909f56bfc062723c751e8b465ee728b) [PhysX] Initialized MultithreadedTaskDispatcher with 16 workers.
 -> (artifact id: '42ad426dadad2ad68e6d90bfe23151cb') in 0.000622 seconds
Number of updated asset objects reloaded before import = 0
Number of asset objects unloaded after import = 0
========================================================================
Received Import Request.
  Time since last request: 1.215019 seconds.
  path: Assets/Resources/zJordi/Rooms OK/Lvl 1/Object/Room_Coins_Left.prefab
  artifactKey: Guid(9ad911298b16694419178d3d22292421) Importer(815301076,1909f56bfc062723c751e8b465ee728b)
Start importing Assets/Resources/zJordi/Rooms OK/Lvl 1/Object/Room_Coins_Left.prefab using Guid(9ad911298b16694419178d3d22292421) Importer(815301076,1909f56bfc062723c751e8b465ee728b) [PhysX] Initialized MultithreadedTaskDispatcher with 16 workers.
 -> (artifact id: '42ad426dadad2ad68e6d90bfe23151cb') in 0.000518 seconds
Number of updated asset objects reloaded before import = 0
Number of asset objects unloaded after import = 0
========================================================================
Received Import Request.
  Time since last request: 7.101338 seconds.
  path: Assets/Resources/zJordi/Rooms OK/Lvl 1/Object/Room_Coins_Left.prefab
  artifactKey: Guid(9ad911298b16694419178d3d22292421) Importer(815301076,1909f56bfc062723c751e8b465ee728b)
Start importing Assets/Resources/zJordi/Rooms OK/Lvl 1/Object/Room_Coins_Left.prefab using Guid(9ad911298b16694419178d3d22292421) Importer(815301076,1909f56bfc062723c751e8b465ee728b) [PhysX] Initialized MultithreadedTaskDispatcher with 16 workers.
 -> (artifact id: '42ad426dadad2ad68e6d90bfe23151cb') in 0.000604 seconds
Number of updated asset objects reloaded before import = 0
Number of asset objects unloaded after import = 0
========================================================================
Received Import Request.
  Time since last request: 1.005472 seconds.
  path: Assets/Resources/zJordi/Rooms OK/Lvl 1/Object/Room_Coins_Left.prefab
  artifactKey: Guid(9ad911298b16694419178d3d22292421) Importer(815301076,1909f56bfc062723c751e8b465ee728b)
Start importing Assets/Resources/zJordi/Rooms OK/Lvl 1/Object/Room_Coins_Left.prefab using Guid(9ad911298b16694419178d3d22292421) Importer(815301076,1909f56bfc062723c751e8b465ee728b) [PhysX] Initialized MultithreadedTaskDispatcher with 16 workers.
 -> (artifact id: '42ad426dadad2ad68e6d90bfe23151cb') in 0.000613 seconds
Number of updated asset objects reloaded before import = 0
Number of asset objects unloaded after import = 0
========================================================================
Received Import Request.
  Time since last request: 2.707011 seconds.
  path: Assets/Resources/zJordi/Rooms OK/Lvl 1/Object/Room_Coins_Left.prefab
  artifactKey: Guid(9ad911298b16694419178d3d22292421) Importer(815301076,1909f56bfc062723c751e8b465ee728b)
Start importing Assets/Resources/zJordi/Rooms OK/Lvl 1/Object/Room_Coins_Left.prefab using Guid(9ad911298b16694419178d3d22292421) Importer(815301076,1909f56bfc062723c751e8b465ee728b) [PhysX] Initialized MultithreadedTaskDispatcher with 16 workers.
 -> (artifact id: '42ad426dadad2ad68e6d90bfe23151cb') in 0.000559 seconds
Number of updated asset objects reloaded before import = 0
Number of asset objects unloaded after import = 0
========================================================================
Received Import Request.
  Time since last request: 0.825114 seconds.
  path: Assets/Resources/zJordi/Rooms OK/Lvl 1/Object/Room_Coins_Left.prefab
  artifactKey: Guid(9ad911298b16694419178d3d22292421) Importer(815301076,1909f56bfc062723c751e8b465ee728b)
Start importing Assets/Resources/zJordi/Rooms OK/Lvl 1/Object/Room_Coins_Left.prefab using Guid(9ad911298b16694419178d3d22292421) Importer(815301076,1909f56bfc062723c751e8b465ee728b) [PhysX] Initialized MultithreadedTaskDispatcher with 16 workers.
 -> (artifact id: '42ad426dadad2ad68e6d90bfe23151cb') in 0.000612 seconds
Number of updated asset objects reloaded before import = 0
Number of asset objects unloaded after import = 0
========================================================================
Received Import Request.
  Time since last request: 2.445995 seconds.
  path: Assets/Resources/zJordi/Rooms OK/Lvl 1/Object/Room_Coins_Left.prefab
  artifactKey: Guid(9ad911298b16694419178d3d22292421) Importer(815301076,1909f56bfc062723c751e8b465ee728b)
Start importing Assets/Resources/zJordi/Rooms OK/Lvl 1/Object/Room_Coins_Left.prefab using Guid(9ad911298b16694419178d3d22292421) Importer(815301076,1909f56bfc062723c751e8b465ee728b) [PhysX] Initialized MultithreadedTaskDispatcher with 16 workers.
 -> (artifact id: '42ad426dadad2ad68e6d90bfe23151cb') in 0.000621 seconds
Number of updated asset objects reloaded before import = 0
Number of asset objects unloaded after import = 0
========================================================================
Received Import Request.
  Time since last request: 0.845502 seconds.
  path: Assets/Resources/zJordi/Rooms OK/Lvl 1/Object/Room_Coins_Left.prefab
  artifactKey: Guid(9ad911298b16694419178d3d22292421) Importer(815301076,1909f56bfc062723c751e8b465ee728b)
Start importing Assets/Resources/zJordi/Rooms OK/Lvl 1/Object/Room_Coins_Left.prefab using Guid(9ad911298b16694419178d3d22292421) Importer(815301076,1909f56bfc062723c751e8b465ee728b) [PhysX] Initialized MultithreadedTaskDispatcher with 16 workers.
 -> (artifact id: '42ad426dadad2ad68e6d90bfe23151cb') in 0.000588 seconds
Number of updated asset objects reloaded before import = 0
Number of asset objects unloaded after import = 0
========================================================================
Received Import Request.
  Time since last request: 2.419435 seconds.
  path: Assets/Resources/zJordi/Rooms OK/Lvl 1/Object/Room_Coins_Left.prefab
  artifactKey: Guid(9ad911298b16694419178d3d22292421) Importer(815301076,1909f56bfc062723c751e8b465ee728b)
Start importing Assets/Resources/zJordi/Rooms OK/Lvl 1/Object/Room_Coins_Left.prefab using Guid(9ad911298b16694419178d3d22292421) Importer(815301076,1909f56bfc062723c751e8b465ee728b) [PhysX] Initialized MultithreadedTaskDispatcher with 16 workers.
 -> (artifact id: '42ad426dadad2ad68e6d90bfe23151cb') in 0.000713 seconds
Number of updated asset objects reloaded before import = 0
Number of asset objects unloaded after import = 0
========================================================================
Received Import Request.
  Time since last request: 0.864679 seconds.
  path: Assets/Resources/zJordi/Rooms OK/Lvl 1/Object/Room_Coins_Left.prefab
  artifactKey: Guid(9ad911298b16694419178d3d22292421) Importer(815301076,1909f56bfc062723c751e8b465ee728b)
Start importing Assets/Resources/zJordi/Rooms OK/Lvl 1/Object/Room_Coins_Left.prefab using Guid(9ad911298b16694419178d3d22292421) Importer(815301076,1909f56bfc062723c751e8b465ee728b) [PhysX] Initialized MultithreadedTaskDispatcher with 16 workers.
 -> (artifact id: '42ad426dadad2ad68e6d90bfe23151cb') in 0.000664 seconds
Number of updated asset objects reloaded before import = 0
Number of asset objects unloaded after import = 0
========================================================================
Received Import Request.
  Time since last request: 14.032603 seconds.
  path: Assets/Resources/zJordi/Rooms OK/Lvl 1/Object/Room_Coins_Up.prefab
  artifactKey: Guid(b84dc98ce005c4242b57129a2a4bbdd6) Importer(815301076,1909f56bfc062723c751e8b465ee728b)
Start importing Assets/Resources/zJordi/Rooms OK/Lvl 1/Object/Room_Coins_Up.prefab using Guid(b84dc98ce005c4242b57129a2a4bbdd6) Importer(815301076,1909f56bfc062723c751e8b465ee728b) [PhysX] Initialized MultithreadedTaskDispatcher with 16 workers.
 -> (artifact id: 'e97f178fbeae3c50d7d8c8c1f66ed493') in 0.000528 seconds
Number of updated asset objects reloaded before import = 0
Number of asset objects unloaded after import = 0
========================================================================
Received Import Request.
  Time since last request: 1.002634 seconds.
  path: Assets/Resources/zJordi/Rooms OK/Lvl 1/Object/Room_Coins_Up.prefab
  artifactKey: Guid(b84dc98ce005c4242b57129a2a4bbdd6) Importer(815301076,1909f56bfc062723c751e8b465ee728b)
Start importing Assets/Resources/zJordi/Rooms OK/Lvl 1/Object/Room_Coins_Up.prefab using Guid(b84dc98ce005c4242b57129a2a4bbdd6) Importer(815301076,1909f56bfc062723c751e8b465ee728b) [PhysX] Initialized MultithreadedTaskDispatcher with 16 workers.
 -> (artifact id: '18eadf0100726963aa8ae625656a2935') in 0.000524 seconds
Number of updated asset objects reloaded before import = 0
Number of asset objects unloaded after import = 0
========================================================================
Received Import Request.
  Time since last request: 2.281505 seconds.
  path: Assets/Resources/zJordi/Rooms OK/Lvl 1/Object/Room_Coins_Up.prefab
  artifactKey: Guid(b84dc98ce005c4242b57129a2a4bbdd6) Importer(815301076,1909f56bfc062723c751e8b465ee728b)
Start importing Assets/Resources/zJordi/Rooms OK/Lvl 1/Object/Room_Coins_Up.prefab using Guid(b84dc98ce005c4242b57129a2a4bbdd6) Importer(815301076,1909f56bfc062723c751e8b465ee728b) [PhysX] Initialized MultithreadedTaskDispatcher with 16 workers.
 -> (artifact id: '18eadf0100726963aa8ae625656a2935') in 0.000573 seconds
Number of updated asset objects reloaded before import = 0
Number of asset objects unloaded after import = 0
========================================================================
Received Import Request.
  Time since last request: 1.019374 seconds.
  path: Assets/Resources/zJordi/Rooms OK/Lvl 1/Object/Room_Coins_Up.prefab
  artifactKey: Guid(b84dc98ce005c4242b57129a2a4bbdd6) Importer(815301076,1909f56bfc062723c751e8b465ee728b)
Start importing Assets/Resources/zJordi/Rooms OK/Lvl 1/Object/Room_Coins_Up.prefab using Guid(b84dc98ce005c4242b57129a2a4bbdd6) Importer(815301076,1909f56bfc062723c751e8b465ee728b) [PhysX] Initialized MultithreadedTaskDispatcher with 16 workers.
 -> (artifact id: '18eadf0100726963aa8ae625656a2935') in 0.000591 seconds
Number of updated asset objects reloaded before import = 0
Number of asset objects unloaded after import = 0
