Using pre-set license
Built from '2022.3/staging' branch; Version is '2022.3.46f1 (8e9b8558c41a) revision 9345925'; Using compiler version '192829333'; Build Type 'Release'
OS: 'Windows 11  (10.0.22631) 64bit Professional' Language: 'es' Physical Memory: 15713 MB
BatchMode: 1, IsHumanControllingUs: 0, StartBugReporterOnCrash: 0, Is64bit: 1, IsPro: 1

COMMAND LINE ARGUMENTS:
C:\Program Files\Unity\Hub\Editor\2022.3.46f1\Editor\Unity.exe
-adb2
-batchMode
-noUpm
-name
AssetImportWorker7
-projectPath
C:/Users/Jordi/Desktop/wizards-game/TFG_Wizards
-logFile
Logs/AssetImportWorker7.log
-srvPort
63602
Successfully changed project path to: C:/Users/Jordi/Desktop/wizards-game/TFG_Wizards
C:/Users/Jordi/Desktop/wizards-game/TFG_Wizards
[UnityMemory] Configuration Parameters - Can be set up in boot.config
    "memorysetup-bucket-allocator-granularity=16"
    "memorysetup-bucket-allocator-bucket-count=8"
    "memorysetup-bucket-allocator-block-size=33554432"
    "memorysetup-bucket-allocator-block-count=8"
    "memorysetup-main-allocator-block-size=16777216"
    "memorysetup-thread-allocator-block-size=16777216"
    "memorysetup-gfx-main-allocator-block-size=16777216"
    "memorysetup-gfx-thread-allocator-block-size=16777216"
    "memorysetup-cache-allocator-block-size=4194304"
    "memorysetup-typetree-allocator-block-size=2097152"
    "memorysetup-profiler-bucket-allocator-granularity=16"
    "memorysetup-profiler-bucket-allocator-bucket-count=8"
    "memorysetup-profiler-bucket-allocator-block-size=33554432"
    "memorysetup-profiler-bucket-allocator-block-count=8"
    "memorysetup-profiler-allocator-block-size=16777216"
    "memorysetup-profiler-editor-allocator-block-size=1048576"
    "memorysetup-temp-allocator-size-main=16777216"
    "memorysetup-job-temp-allocator-block-size=2097152"
    "memorysetup-job-temp-allocator-block-size-background=1048576"
    "memorysetup-job-temp-allocator-reduction-small-platforms=262144"
    "memorysetup-allocator-temp-initial-block-size-main=262144"
    "memorysetup-allocator-temp-initial-block-size-worker=262144"
    "memorysetup-temp-allocator-size-background-worker=32768"
    "memorysetup-temp-allocator-size-job-worker=262144"
    "memorysetup-temp-allocator-size-preload-manager=33554432"
    "memorysetup-temp-allocator-size-nav-mesh-worker=65536"
    "memorysetup-temp-allocator-size-audio-worker=65536"
    "memorysetup-temp-allocator-size-cloud-worker=32768"
    "memorysetup-temp-allocator-size-gi-baking-worker=262144"
    "memorysetup-temp-allocator-size-gfx=262144"
Player connection [18492]  Target information:

Player connection [18492]  * "[IP] 172.23.0.1 [Port] 0 [Flags] 2 [Guid] 2219027553 [EditorId] 2219027553 [Version] 1048832 [Id] WindowsEditor(7,HP-Jordi-Permanyer) [Debug] 1 [PackageName] WindowsEditor [ProjectName] Editor" 

Player connection [18492]  * "[IP] 172.29.128.1 [Port] 0 [Flags] 2 [Guid] 2219027553 [EditorId] 2219027553 [Version] 1048832 [Id] WindowsEditor(7,HP-Jordi-Permanyer) [Debug] 1 [PackageName] WindowsEditor [ProjectName] Editor" 

Player connection [18492]  * "[IP] 172.22.208.1 [Port] 0 [Flags] 2 [Guid] 2219027553 [EditorId] 2219027553 [Version] 1048832 [Id] WindowsEditor(7,HP-Jordi-Permanyer) [Debug] 1 [PackageName] WindowsEditor [ProjectName] Editor" 

Player connection [18492]  * "[IP] 192.168.1.44 [Port] 0 [Flags] 2 [Guid] 2219027553 [EditorId] 2219027553 [Version] 1048832 [Id] WindowsEditor(7,HP-Jordi-Permanyer) [Debug] 1 [PackageName] WindowsEditor [ProjectName] Editor" 

Player connection [18492] Host joined multi-casting on [225.0.0.222:54997]...
Player connection [18492] Host joined alternative multi-casting on [225.0.0.222:34997]...
[PhysX] Initialized MultithreadedTaskDispatcher with 16 workers.
Refreshing native plugins compatible for Editor in 19.17 ms, found 4 plugins.
Preloading 0 native plugins for Editor in 0.00 ms.
Initialize engine version: 2022.3.46f1 (8e9b8558c41a)
[Subsystems] Discovering subsystems at path C:/Program Files/Unity/Hub/Editor/2022.3.46f1/Editor/Data/Resources/UnitySubsystems
[Subsystems] Discovering subsystems at path C:/Users/Jordi/Desktop/wizards-game/TFG_Wizards/Assets
GfxDevice: creating device client; threaded=0; jobified=0
Direct3D:
    Version:  Direct3D 11.0 [level 11.1]
    Renderer: NVIDIA GeForce GTX 1650 (ID=0x1f99)
    Vendor:   NVIDIA
    VRAM:     3937 MB
    Driver:   32.0.15.5613
Initialize mono
Mono path[0] = 'C:/Program Files/Unity/Hub/Editor/2022.3.46f1/Editor/Data/Managed'
Mono path[1] = 'C:/Program Files/Unity/Hub/Editor/2022.3.46f1/Editor/Data/MonoBleedingEdge/lib/mono/unityjit-win32'
Mono config path = 'C:/Program Files/Unity/Hub/Editor/2022.3.46f1/Editor/Data/MonoBleedingEdge/etc'
Using monoOptions --debugger-agent=transport=dt_socket,embedding=1,server=y,suspend=n,address=127.0.0.1:56572
Begin MonoManager ReloadAssembly
Registering precompiled unity dll's ...
Register platform support module: C:/Program Files/Unity/Hub/Editor/2022.3.46f1/Editor/Data/PlaybackEngines/AndroidPlayer/UnityEditor.Android.Extensions.dll
Register platform support module: C:/Program Files/Unity/Hub/Editor/2022.3.46f1/Editor/Data/PlaybackEngines/WindowsStandaloneSupport/UnityEditor.WindowsStandalone.Extensions.dll
Register platform support module: C:/Program Files/Unity/Hub/Editor/2022.3.46f1/Editor/Data/PlaybackEngines/MetroSupport/UnityEditor.UWP.Extensions.dll
Registered in 0.009625 seconds.
- Loaded All Assemblies, in  0.345 seconds
Native extension for UWP target not found
Native extension for WindowsStandalone target not found
Native extension for Android target not found
Android Extension - Scanning For ADB Devices 237 ms
Mono: successfully reloaded assembly
- Finished resetting the current domain, in  0.549 seconds
Domain Reload Profiling: 892ms
	BeginReloadAssembly (103ms)
		ExecutionOrderSort (0ms)
		DisableScriptedObjects (0ms)
		BackupInstance (0ms)
		ReleaseScriptingObjects (0ms)
		CreateAndSetChildDomain (1ms)
	RebuildCommonClasses (31ms)
	RebuildNativeTypeToScriptingClass (9ms)
	initialDomainReloadingComplete (62ms)
	LoadAllAssembliesAndSetupDomain (138ms)
		LoadAssemblies (101ms)
		RebuildTransferFunctionScriptingTraits (0ms)
		AnalyzeDomain (135ms)
			TypeCache.Refresh (134ms)
				TypeCache.ScanAssembly (122ms)
			ScanForSourceGeneratedMonoScriptInfo (0ms)
			ResolveRequiredComponents (0ms)
	FinalizeReload (549ms)
		ReleaseScriptCaches (0ms)
		RebuildScriptCaches (0ms)
		SetupLoadedEditorAssemblies (507ms)
			LogAssemblyErrors (0ms)
			InitializePlatformSupportModulesInManaged (335ms)
			SetLoadedEditorAssemblies (4ms)
			RefreshPlugins (0ms)
			BeforeProcessingInitializeOnLoad (2ms)
			ProcessInitializeOnLoadAttributes (123ms)
			ProcessInitializeOnLoadMethodAttributes (42ms)
			AfterProcessingInitializeOnLoad (0ms)
			EditorAssembliesLoaded (0ms)
		ExecutionOrderSort2 (0ms)
		AwakeInstancesAfterBackupRestoration (0ms)
========================================================================
Worker process is ready to serve import requests
Caller must complete domain reload
Begin MonoManager ReloadAssembly
- Loaded All Assemblies, in  0.616 seconds
Native extension for UWP target not found
Native extension for WindowsStandalone target not found
Native extension for Android target not found
Package Manager log level set to [2]
[Package Manager] Server::EnsureServerProcessIsRunning -- launch failed, reason: Unity was launched with the -noUpm command-line argument
[Package Manager] UpmClient::Send -- Unable to send message (not connected to UPM process).
[Package Manager] Cannot connect to Unity Package Manager local server
Mono: successfully reloaded assembly
- Finished resetting the current domain, in  0.907 seconds
Domain Reload Profiling: 1520ms
	BeginReloadAssembly (150ms)
		ExecutionOrderSort (0ms)
		DisableScriptedObjects (8ms)
		BackupInstance (0ms)
		ReleaseScriptingObjects (0ms)
		CreateAndSetChildDomain (23ms)
	RebuildCommonClasses (30ms)
	RebuildNativeTypeToScriptingClass (9ms)
	initialDomainReloadingComplete (41ms)
	LoadAllAssembliesAndSetupDomain (382ms)
		LoadAssemblies (302ms)
		RebuildTransferFunctionScriptingTraits (0ms)
		AnalyzeDomain (164ms)
			TypeCache.Refresh (136ms)
				TypeCache.ScanAssembly (120ms)
			ScanForSourceGeneratedMonoScriptInfo (20ms)
			ResolveRequiredComponents (6ms)
	FinalizeReload (907ms)
		ReleaseScriptCaches (0ms)
		RebuildScriptCaches (0ms)
		SetupLoadedEditorAssemblies (724ms)
			LogAssemblyErrors (0ms)
			InitializePlatformSupportModulesInManaged (19ms)
			SetLoadedEditorAssemblies (4ms)
			RefreshPlugins (0ms)
			BeforeProcessingInitializeOnLoad (76ms)
			ProcessInitializeOnLoadAttributes (577ms)
			ProcessInitializeOnLoadMethodAttributes (36ms)
			AfterProcessingInitializeOnLoad (11ms)
			EditorAssembliesLoaded (0ms)
		ExecutionOrderSort2 (0ms)
		AwakeInstancesAfterBackupRestoration (10ms)
Launched and connected shader compiler UnityShaderCompiler.exe after 0.04 seconds
Refreshing native plugins compatible for Editor in 8.97 ms, found 4 plugins.
Preloading 0 native plugins for Editor in 0.00 ms.
Unloading 4122 Unused Serialized files (Serialized files now loaded: 0)
Unloading 32 unused Assets / (57.7 KB). Loaded Objects now: 4595.
Memory consumption went from 146.9 MB to 146.8 MB.
Total: 4.303900 ms (FindLiveObjects: 0.343800 ms CreateObjectMapping: 0.134000 ms MarkObjects: 3.701500 ms  DeleteObjects: 0.123500 ms)

AssetImportParameters requested are different than current active one (requested -> active):
  custom:container-demuxer-ogg: 62fdf1f143b41e24485cea50d1cbac27 -> 
  custom:video-decoder-ogg-theora: a1e56fd34408186e4bbccfd4996cb3dc -> 
  custom:framework-win-MediaFoundation: 216162199b28c13a410421893ffa2e32 -> 
  custom:CustomObjectIndexerAttribute: 9a22284fe3817be447336de3de66b15e -> 
  custom:container-demuxer-webm: 4f35f7cbe854078d1ac9338744f61a02 -> 
  custom:container-muxer-webm: aa71ff27fc2769a1b78a27578f13a17b -> 
  custom:video-decoder-webm-vp8: 9c59270c3fd7afecdb556c50c9e8de78 -> 
  custom:SearchIndexIgnoredProperties: e643bd26f0fe6173181afceb89e7c659 -> 
  custom:AudioImporter_EditorPlatform: d09bf68614088b80899f8185d706f6e7 -> 
  custom:video-encoder-webm-vp8: eb34c28f22e8b96e1ab97ce403110664 -> 
  custom:audio-decoder-ogg-vorbis: bf7c407c2cedff20999df2af8eb42d56 -> 
  custom:audio-encoder-webm-vorbis: bf7c407c2cedff20999df2af8eb42d56 -> 
========================================================================
Received Import Request.
  Time since last request: 66806.066443 seconds.
  path: Assets/Resources/zJordi/Rooms OK/Lvl 1/Object/Room_Coins_Left_Down.prefab
  artifactKey: Guid(8e99638792a846d4a829191399d30093) Importer(815301076,1909f56bfc062723c751e8b465ee728b)
Start importing Assets/Resources/zJordi/Rooms OK/Lvl 1/Object/Room_Coins_Left_Down.prefab using Guid(8e99638792a846d4a829191399d30093) Importer(815301076,1909f56bfc062723c751e8b465ee728b) [PhysX] Initialized MultithreadedTaskDispatcher with 16 workers.
[PhysX] Initialized MultithreadedTaskDispatcher with 16 workers.
 -> (artifact id: '9d6f1dd46c3162de57f06214e45d8705') in 0.103579 seconds
Number of updated asset objects reloaded before import = 0
Number of asset objects unloaded after import = 118
========================================================================
Received Import Request.
  Time since last request: 0.912852 seconds.
  path: Assets/Resources/zJordi/Rooms OK/Lvl 1/Object/Room_Coins_Left_Up.prefab
  artifactKey: Guid(d5ffd0e7401297048822472caf0b81ac) Importer(815301076,1909f56bfc062723c751e8b465ee728b)
Start importing Assets/Resources/zJordi/Rooms OK/Lvl 1/Object/Room_Coins_Left_Up.prefab using Guid(d5ffd0e7401297048822472caf0b81ac) Importer(815301076,1909f56bfc062723c751e8b465ee728b) [PhysX] Initialized MultithreadedTaskDispatcher with 16 workers.
[PhysX] Initialized MultithreadedTaskDispatcher with 16 workers.
 -> (artifact id: 'b05a91b99d7892035b1817a716a2b9d4') in 0.027493 seconds
Number of updated asset objects reloaded before import = 0
Number of asset objects unloaded after import = 118
========================================================================
Received Import Request.
  Time since last request: 4.239356 seconds.
  path: Assets/Resources/zJordi/Rooms OK/Lvl 1/Object/Room_Coins_Left_Up_Down.prefab
  artifactKey: Guid(3d424a167d5602b43b3105c9ece00f48) Importer(815301076,1909f56bfc062723c751e8b465ee728b)
Start importing Assets/Resources/zJordi/Rooms OK/Lvl 1/Object/Room_Coins_Left_Up_Down.prefab using Guid(3d424a167d5602b43b3105c9ece00f48) Importer(815301076,1909f56bfc062723c751e8b465ee728b) [PhysX] Initialized MultithreadedTaskDispatcher with 16 workers.
[PhysX] Initialized MultithreadedTaskDispatcher with 16 workers.
 -> (artifact id: 'bbfafb2b64993e8b360fab75b3116628') in 0.029232 seconds
Number of updated asset objects reloaded before import = 0
Number of asset objects unloaded after import = 118
========================================================================
Received Import Request.
  Time since last request: 1.571561 seconds.
  path: Assets/Resources/zJordi/Rooms OK/Lvl 1/Object/Room_Coins_Right.prefab
  artifactKey: Guid(b154c6c35d87e994898b9eddc336e16a) Importer(815301076,1909f56bfc062723c751e8b465ee728b)
Start importing Assets/Resources/zJordi/Rooms OK/Lvl 1/Object/Room_Coins_Right.prefab using Guid(b154c6c35d87e994898b9eddc336e16a) Importer(815301076,1909f56bfc062723c751e8b465ee728b) [PhysX] Initialized MultithreadedTaskDispatcher with 16 workers.
[PhysX] Initialized MultithreadedTaskDispatcher with 16 workers.
 -> (artifact id: '9812b2db81c40b2a64c858470a9e130b') in 0.028089 seconds
Number of updated asset objects reloaded before import = 0
Number of asset objects unloaded after import = 118
========================================================================
Received Import Request.
  Time since last request: 3.011871 seconds.
  path: Assets/Resources/zJordi/Rooms OK/Lvl 1/Object/Room_Coins_Right_Down.prefab
  artifactKey: Guid(48cec1a7ac48e6f40979d9e1433acfc1) Importer(815301076,1909f56bfc062723c751e8b465ee728b)
Start importing Assets/Resources/zJordi/Rooms OK/Lvl 1/Object/Room_Coins_Right_Down.prefab using Guid(48cec1a7ac48e6f40979d9e1433acfc1) Importer(815301076,1909f56bfc062723c751e8b465ee728b) [PhysX] Initialized MultithreadedTaskDispatcher with 16 workers.
[PhysX] Initialized MultithreadedTaskDispatcher with 16 workers.
 -> (artifact id: '4c45a94bbc5c2a5cb84d830dedcc6e41') in 0.026706 seconds
Number of updated asset objects reloaded before import = 0
Number of asset objects unloaded after import = 118
========================================================================
Received Import Request.
  Time since last request: 1.187860 seconds.
  path: Assets/Resources/zJordi/Rooms OK/Lvl 1/Object/Room_Coins_Right_Left.prefab
  artifactKey: Guid(463e0814643e4ea4592c3333c2f4297e) Importer(815301076,1909f56bfc062723c751e8b465ee728b)
Start importing Assets/Resources/zJordi/Rooms OK/Lvl 1/Object/Room_Coins_Right_Left.prefab using Guid(463e0814643e4ea4592c3333c2f4297e) Importer(815301076,1909f56bfc062723c751e8b465ee728b) [PhysX] Initialized MultithreadedTaskDispatcher with 16 workers.
[PhysX] Initialized MultithreadedTaskDispatcher with 16 workers.
 -> (artifact id: 'cb0723e2d7d61475e3a5751849d99524') in 0.023007 seconds
Number of updated asset objects reloaded before import = 0
Number of asset objects unloaded after import = 118
========================================================================
Received Import Request.
  Time since last request: 7.077705 seconds.
  path: Assets/Resources/zJordi/Rooms OK/Lvl 1/Object/Room_Coins_Right_Left_Down.prefab
  artifactKey: Guid(bf00fa7b2dad3744197e807ce1caa20e) Importer(815301076,1909f56bfc062723c751e8b465ee728b)
Start importing Assets/Resources/zJordi/Rooms OK/Lvl 1/Object/Room_Coins_Right_Left_Down.prefab using Guid(bf00fa7b2dad3744197e807ce1caa20e) Importer(815301076,1909f56bfc062723c751e8b465ee728b) [PhysX] Initialized MultithreadedTaskDispatcher with 16 workers.
[PhysX] Initialized MultithreadedTaskDispatcher with 16 workers.
 -> (artifact id: 'c90bb4cf9fc3800b9975e6b16fdb70d4') in 0.020393 seconds
Number of updated asset objects reloaded before import = 0
Number of asset objects unloaded after import = 53
========================================================================
Received Import Request.
  Time since last request: 0.984648 seconds.
  path: Assets/Resources/zJordi/Rooms OK/Lvl 1/Object/Room_Coins_Right_Left_Down.prefab
  artifactKey: Guid(bf00fa7b2dad3744197e807ce1caa20e) Importer(815301076,1909f56bfc062723c751e8b465ee728b)
Start importing Assets/Resources/zJordi/Rooms OK/Lvl 1/Object/Room_Coins_Right_Left_Down.prefab using Guid(bf00fa7b2dad3744197e807ce1caa20e) Importer(815301076,1909f56bfc062723c751e8b465ee728b) [PhysX] Initialized MultithreadedTaskDispatcher with 16 workers.
[PhysX] Initialized MultithreadedTaskDispatcher with 16 workers.
 -> (artifact id: '5fd2f48552cdeae071ed2984d1544dc5') in 0.025948 seconds
Number of updated asset objects reloaded before import = 0
Number of asset objects unloaded after import = 118
========================================================================
Received Import Request.
  Time since last request: 2.680731 seconds.
  path: Assets/Resources/zJordi/Rooms OK/Lvl 1/Object/Room_Coins_Right_Left_Up.prefab
  artifactKey: Guid(531f9129db6ac2d41addb43d7cc3beba) Importer(815301076,1909f56bfc062723c751e8b465ee728b)
Start importing Assets/Resources/zJordi/Rooms OK/Lvl 1/Object/Room_Coins_Right_Left_Up.prefab using Guid(531f9129db6ac2d41addb43d7cc3beba) Importer(815301076,1909f56bfc062723c751e8b465ee728b) [PhysX] Initialized MultithreadedTaskDispatcher with 16 workers.
[PhysX] Initialized MultithreadedTaskDispatcher with 16 workers.
 -> (artifact id: '6799616b26203f7af03b1401fd874069') in 0.011962 seconds
Number of updated asset objects reloaded before import = 0
Number of asset objects unloaded after import = 53
========================================================================
Received Import Request.
  Time since last request: 0.813380 seconds.
  path: Assets/Resources/zJordi/Rooms OK/Lvl 1/Object/Room_Coins_Right_Left_Up.prefab
  artifactKey: Guid(531f9129db6ac2d41addb43d7cc3beba) Importer(815301076,1909f56bfc062723c751e8b465ee728b)
Start importing Assets/Resources/zJordi/Rooms OK/Lvl 1/Object/Room_Coins_Right_Left_Up.prefab using Guid(531f9129db6ac2d41addb43d7cc3beba) Importer(815301076,1909f56bfc062723c751e8b465ee728b) [PhysX] Initialized MultithreadedTaskDispatcher with 16 workers.
[PhysX] Initialized MultithreadedTaskDispatcher with 16 workers.
 -> (artifact id: '2834a4d9a88ad0d1b19a53e359097589') in 0.025109 seconds
Number of updated asset objects reloaded before import = 0
Number of asset objects unloaded after import = 118
========================================================================
Received Import Request.
  Time since last request: 2.420229 seconds.
  path: Assets/Resources/zJordi/Rooms OK/Lvl 1/Object/Room_Coins_Right_Left_Up_Down.prefab
  artifactKey: Guid(fb2a45204a770f64aa069a0b5766863d) Importer(815301076,1909f56bfc062723c751e8b465ee728b)
Start importing Assets/Resources/zJordi/Rooms OK/Lvl 1/Object/Room_Coins_Right_Left_Up_Down.prefab using Guid(fb2a45204a770f64aa069a0b5766863d) Importer(815301076,1909f56bfc062723c751e8b465ee728b) [PhysX] Initialized MultithreadedTaskDispatcher with 16 workers.
[PhysX] Initialized MultithreadedTaskDispatcher with 16 workers.
 -> (artifact id: '6d33e93c07b5ce10aaa87606393b144e') in 0.022864 seconds
Number of updated asset objects reloaded before import = 0
Number of asset objects unloaded after import = 53
========================================================================
Received Import Request.
  Time since last request: 0.823037 seconds.
  path: Assets/Resources/zJordi/Rooms OK/Lvl 1/Object/Room_Coins_Right_Left_Up_Down.prefab
  artifactKey: Guid(fb2a45204a770f64aa069a0b5766863d) Importer(815301076,1909f56bfc062723c751e8b465ee728b)
Start importing Assets/Resources/zJordi/Rooms OK/Lvl 1/Object/Room_Coins_Right_Left_Up_Down.prefab using Guid(fb2a45204a770f64aa069a0b5766863d) Importer(815301076,1909f56bfc062723c751e8b465ee728b) [PhysX] Initialized MultithreadedTaskDispatcher with 16 workers.
[PhysX] Initialized MultithreadedTaskDispatcher with 16 workers.
 -> (artifact id: 'ee36b75eec168442ebcb1569f2797479') in 0.025936 seconds
Number of updated asset objects reloaded before import = 0
Number of asset objects unloaded after import = 118
========================================================================
Received Import Request.
  Time since last request: 2.393575 seconds.
  path: Assets/Resources/zJordi/Rooms OK/Lvl 1/Object/Room_Coins_Right_Up.prefab
  artifactKey: Guid(2f35b52d847db624c85a7bd778147415) Importer(815301076,1909f56bfc062723c751e8b465ee728b)
Start importing Assets/Resources/zJordi/Rooms OK/Lvl 1/Object/Room_Coins_Right_Up.prefab using Guid(2f35b52d847db624c85a7bd778147415) Importer(815301076,1909f56bfc062723c751e8b465ee728b) [PhysX] Initialized MultithreadedTaskDispatcher with 16 workers.
[PhysX] Initialized MultithreadedTaskDispatcher with 16 workers.
 -> (artifact id: 'ec38ad908bab9ce971696f7f6baa4517') in 0.021829 seconds
Number of updated asset objects reloaded before import = 0
Number of asset objects unloaded after import = 53
========================================================================
Received Import Request.
  Time since last request: 0.842895 seconds.
  path: Assets/Resources/zJordi/Rooms OK/Lvl 1/Object/Room_Coins_Right_Up.prefab
  artifactKey: Guid(2f35b52d847db624c85a7bd778147415) Importer(815301076,1909f56bfc062723c751e8b465ee728b)
Start importing Assets/Resources/zJordi/Rooms OK/Lvl 1/Object/Room_Coins_Right_Up.prefab using Guid(2f35b52d847db624c85a7bd778147415) Importer(815301076,1909f56bfc062723c751e8b465ee728b) [PhysX] Initialized MultithreadedTaskDispatcher with 16 workers.
[PhysX] Initialized MultithreadedTaskDispatcher with 16 workers.
 -> (artifact id: 'c5b2581ca6645d0efb63d3ad2b5b4abc') in 0.026515 seconds
Number of updated asset objects reloaded before import = 0
Number of asset objects unloaded after import = 118
========================================================================
Received Import Request.
  Time since last request: 17.293511 seconds.
  path: Assets/Resources/zJordi/Rooms OK/Lvl 1/Object/Room_Coins_Up_Down.prefab
  artifactKey: Guid(b56ab2db3f916f142b8b24d57ed4b5b4) Importer(815301076,1909f56bfc062723c751e8b465ee728b)
Start importing Assets/Resources/zJordi/Rooms OK/Lvl 1/Object/Room_Coins_Up_Down.prefab using Guid(b56ab2db3f916f142b8b24d57ed4b5b4) Importer(815301076,1909f56bfc062723c751e8b465ee728b) [PhysX] Initialized MultithreadedTaskDispatcher with 16 workers.
[PhysX] Initialized MultithreadedTaskDispatcher with 16 workers.
 -> (artifact id: '85326bb3e256c8078eafe82eb519e5a1') in 0.021091 seconds
Number of updated asset objects reloaded before import = 0
Number of asset objects unloaded after import = 53
========================================================================
Received Import Request.
  Time since last request: 0.998494 seconds.
  path: Assets/Resources/zJordi/Rooms OK/Lvl 1/Object/Room_Coins_Up_Down.prefab
  artifactKey: Guid(b56ab2db3f916f142b8b24d57ed4b5b4) Importer(815301076,1909f56bfc062723c751e8b465ee728b)
Start importing Assets/Resources/zJordi/Rooms OK/Lvl 1/Object/Room_Coins_Up_Down.prefab using Guid(b56ab2db3f916f142b8b24d57ed4b5b4) Importer(815301076,1909f56bfc062723c751e8b465ee728b) [PhysX] Initialized MultithreadedTaskDispatcher with 16 workers.
[PhysX] Initialized MultithreadedTaskDispatcher with 16 workers.
 -> (artifact id: 'cf0876abfdf6171813a6e6188a3cdf2b') in 0.025082 seconds
Number of updated asset objects reloaded before import = 0
Number of asset objects unloaded after import = 118
